This file contains any messages produced by compilers while
running configure, to aid debugging if configure makes a mistake.

It was created by proz configure 2.0.4, which was
generated by GNU Autoconf 2.59.  Invocation command line was

  $ ./configure 

## --------- ##
## Platform. ##
## --------- ##

hostname = asus
uname -m = x86_64
uname -r = 2.6.32-358.el6.x86_64
uname -s = Linux
uname -v = #1 SMP Fri Feb 22 00:31:26 UTC 2013

/usr/bin/uname -p = unknown
/bin/uname -X     = unknown

/bin/arch              = x86_64
/usr/bin/arch -k       = unknown
/usr/convex/getsysinfo = unknown
hostinfo               = unknown
/bin/machine           = unknown
/usr/bin/oslevel       = unknown
/bin/universe          = unknown

PATH: /usr/local/bin
PATH: /usr/bin
PATH: /bin
PATH: /usr/local/sbin
PATH: /usr/sbin
PATH: /sbin
PATH: /data/ProgramFiles/Qt2010/qt/bin
PATH: /data/ProgramFiles/jdk1.6.0_22/bin
PATH: /data/ProgramFiles/seisun/bin
PATH: /apps/OpenWorks/ProMAX/sys/bin
PATH: /apps/OpenWorks/ProMAX/port/bin
PATH: /usr/local/bin/waviv
PATH: /home/toto/bin
PATH: /data/ProgramFiles/Qt2010/qt/bin
PATH: /data/ProgramFiles/jdk1.6.0_22/bin
PATH: /data/ProgramFiles/seisun/bin
PATH: /apps/OpenWorks/ProMAX/sys/bin
PATH: /apps/OpenWorks/ProMAX/port/bin
PATH: /usr/local/bin/waviv


## ----------- ##
## Core tests. ##
## ----------- ##

configure:1561: checking for a BSD-compatible install
configure:1616: result: /usr/bin/install -c
configure:1627: checking whether build environment is sane
configure:1670: result: yes
configure:1703: checking for gawk
configure:1719: found /usr/bin/gawk
configure:1729: result: gawk
configure:1739: checking whether make sets $(MAKE)
configure:1759: result: yes
configure:1948: checking for style of include used by make
configure:1976: result: GNU
configure:2053: checking for g++
configure:2069: found /usr/bin/g++
configure:2079: result: g++
configure:2095: checking for C++ compiler version
configure:2098: g++ --version </dev/null >&5
g++ (GCC) 4.4.7 20120313 (Red Hat 4.4.7-3)
Copyright (C) 2010 Free Software Foundation, Inc.
This is free software; see the source for copying conditions.  There is NO
warranty; not even for MERCHANTABILITY or FITNESS FOR A PARTICULAR PURPOSE.

configure:2101: $? = 0
configure:2103: g++ -v </dev/null >&5
Using built-in specs.
Target: x86_64-redhat-linux
Configured with: ../configure --prefix=/usr --mandir=/usr/share/man --infodir=/usr/share/info --with-bugurl=http://bugzilla.redhat.com/bugzilla --enable-bootstrap --enable-shared --enable-threads=posix --enable-checking=release --with-system-zlib --enable-__cxa_atexit --disable-libunwind-exceptions --enable-gnu-unique-object --enable-languages=c,c++,objc,obj-c++,java,fortran,ada --enable-java-awt=gtk --disable-dssi --with-java-home=/usr/lib/jvm/java-1.5.0-gcj-1.5.0.0/jre --enable-libgcj-multifile --enable-java-maintainer-mode --with-ecj-jar=/usr/share/java/eclipse-ecj.jar --disable-libjava-multilib --with-ppl --with-cloog --with-tune=generic --with-arch_32=i686 --build=x86_64-redhat-linux
Thread model: posix
gcc version 4.4.7 20120313 (Red Hat 4.4.7-3) (GCC) 
configure:2106: $? = 0
configure:2108: g++ -V </dev/null >&5
g++: '-V' option must have argument
configure:2111: $? = 1
configure:2134: checking for C++ compiler default output file name
configure:2137: g++    conftest.cc  >&5
configure:2140: $? = 0
configure:2186: result: a.out
configure:2191: checking whether the C++ compiler works
configure:2197: ./a.out
configure:2200: $? = 0
configure:2217: result: yes
configure:2224: checking whether we are cross compiling
configure:2226: result: no
configure:2229: checking for suffix of executables
configure:2231: g++ -o conftest    conftest.cc  >&5
configure:2234: $? = 0
configure:2259: result: 
configure:2265: checking for suffix of object files
configure:2286: g++ -c   conftest.cc >&5
configure:2289: $? = 0
configure:2311: result: o
configure:2315: checking whether we are using the GNU C++ compiler
configure:2339: g++ -c   conftest.cc >&5
configure:2345: $? = 0
configure:2349: test -z 
			 || test ! -s conftest.err
configure:2352: $? = 0
configure:2355: test -s conftest.o
configure:2358: $? = 0
configure:2371: result: yes
configure:2377: checking whether g++ accepts -g
configure:2398: g++ -c -g  conftest.cc >&5
configure:2404: $? = 0
configure:2408: test -z 
			 || test ! -s conftest.err
configure:2411: $? = 0
configure:2414: test -s conftest.o
configure:2417: $? = 0
configure:2428: result: yes
configure:2470: g++ -c -g -O2  conftest.cc >&5
configure:2476: $? = 0
configure:2480: test -z 
			 || test ! -s conftest.err
configure:2483: $? = 0
configure:2486: test -s conftest.o
configure:2489: $? = 0
configure:2515: g++ -c -g -O2  conftest.cc >&5
conftest.cc: In function 'int main()':
conftest.cc:15: error: 'exit' was not declared in this scope
configure:2521: $? = 1
configure: failed program was:
| /* confdefs.h.  */
| 
| #define PACKAGE_NAME "proz"
| #define PACKAGE_TARNAME "proz"
| #define PACKAGE_VERSION "2.0.4"
| #define PACKAGE_STRING "proz 2.0.4"
| #define PACKAGE_BUGREPORT "prozilla@genesys.ro"
| #define PACKAGE "proz"
| #define VERSION "2.0.4"
| /* end confdefs.h.  */
| 
| int
| main ()
| {
| exit (42);
|   ;
|   return 0;
| }
configure:2470: g++ -c -g -O2  conftest.cc >&5
conftest.cc:11: error: 'void std::exit(int)' should have been declared inside 'std'
configure:2476: $? = 1
configure: failed program was:
| /* confdefs.h.  */
| 
| #define PACKAGE_NAME "proz"
| #define PACKAGE_TARNAME "proz"
| #define PACKAGE_VERSION "2.0.4"
| #define PACKAGE_STRING "proz 2.0.4"
| #define PACKAGE_BUGREPORT "prozilla@genesys.ro"
| #define PACKAGE "proz"
| #define VERSION "2.0.4"
| /* end confdefs.h.  */
| extern "C" void std::exit (int) throw (); using std::exit;
| #include <stdlib.h>
| int
| main ()
| {
| exit (42);
|   ;
|   return 0;
| }
configure:2470: g++ -c -g -O2  conftest.cc >&5
conftest.cc:11: error: 'void std::exit(int)' should have been declared inside 'std'
In file included from conftest.cc:12:
/usr/include/stdlib.h:544: error: declaration of 'void std::exit(int) throw ()' throws different exceptions
conftest.cc:11: error: from previous declaration 'void std::exit(int)'
configure:2476: $? = 1
configure: failed program was:
| /* confdefs.h.  */
| 
| #define PACKAGE_NAME "proz"
| #define PACKAGE_TARNAME "proz"
| #define PACKAGE_VERSION "2.0.4"
| #define PACKAGE_STRING "proz 2.0.4"
| #define PACKAGE_BUGREPORT "prozilla@genesys.ro"
| #define PACKAGE "proz"
| #define VERSION "2.0.4"
| /* end confdefs.h.  */
| extern "C" void std::exit (int); using std::exit;
| #include <stdlib.h>
| int
| main ()
| {
| exit (42);
|   ;
|   return 0;
| }
configure:2470: g++ -c -g -O2  conftest.cc >&5
configure:2476: $? = 0
configure:2480: test -z 
			 || test ! -s conftest.err
configure:2483: $? = 0
configure:2486: test -s conftest.o
configure:2489: $? = 0
configure:2515: g++ -c -g -O2  conftest.cc >&5
configure:2521: $? = 0
configure:2525: test -z 
			 || test ! -s conftest.err
configure:2528: $? = 0
configure:2531: test -s conftest.o
configure:2534: $? = 0
configure:2559: checking dependency style of g++
configure:2642: result: gcc3
configure:2661: checking for strerror in -lcposix
configure:2691: g++ -o conftest -g -O2   conftest.cc -lcposix   >&5
/usr/bin/ld: cannot find -lcposix
collect2: ld returned 1 exit status
configure:2697: $? = 1
configure: failed program was:
| /* confdefs.h.  */
| 
| #define PACKAGE_NAME "proz"
| #define PACKAGE_TARNAME "proz"
| #define PACKAGE_VERSION "2.0.4"
| #define PACKAGE_STRING "proz 2.0.4"
| #define PACKAGE_BUGREPORT "prozilla@genesys.ro"
| #define PACKAGE "proz"
| #define VERSION "2.0.4"
| #ifdef __cplusplus
| extern "C" void exit (int) throw ();
| #endif
| /* end confdefs.h.  */
| 
| /* Override any gcc2 internal prototype to avoid an error.  */
| #ifdef __cplusplus
| extern "C"
| #endif
| /* We use char because int might match the return type of a gcc2
|    builtin and then its argument prototype would still apply.  */
| char strerror ();
| int
| main ()
| {
| strerror ();
|   ;
|   return 0;
| }
configure:2723: result: no
configure:2739: checking build system type
configure:2757: result: x86_64-unknown-linux-gnu
configure:2765: checking host system type
configure:2779: result: x86_64-unknown-linux-gnu
configure:2834: checking for gcc
configure:2850: found /usr/bin/gcc
configure:2860: result: gcc
configure:3104: checking for C compiler version
configure:3107: gcc --version </dev/null >&5
gcc (GCC) 4.4.7 20120313 (Red Hat 4.4.7-3)
Copyright (C) 2010 Free Software Foundation, Inc.
This is free software; see the source for copying conditions.  There is NO
warranty; not even for MERCHANTABILITY or FITNESS FOR A PARTICULAR PURPOSE.

configure:3110: $? = 0
configure:3112: gcc -v </dev/null >&5
Using built-in specs.
Target: x86_64-redhat-linux
Configured with: ../configure --prefix=/usr --mandir=/usr/share/man --infodir=/usr/share/info --with-bugurl=http://bugzilla.redhat.com/bugzilla --enable-bootstrap --enable-shared --enable-threads=posix --enable-checking=release --with-system-zlib --enable-__cxa_atexit --disable-libunwind-exceptions --enable-gnu-unique-object --enable-languages=c,c++,objc,obj-c++,java,fortran,ada --enable-java-awt=gtk --disable-dssi --with-java-home=/usr/lib/jvm/java-1.5.0-gcj-1.5.0.0/jre --enable-libgcj-multifile --enable-java-maintainer-mode --with-ecj-jar=/usr/share/java/eclipse-ecj.jar --disable-libjava-multilib --with-ppl --with-cloog --with-tune=generic --with-arch_32=i686 --build=x86_64-redhat-linux
Thread model: posix
gcc version 4.4.7 20120313 (Red Hat 4.4.7-3) (GCC) 
configure:3115: $? = 0
configure:3117: gcc -V </dev/null >&5
gcc: '-V' option must have argument
configure:3120: $? = 1
configure:3123: checking whether we are using the GNU C compiler
configure:3147: gcc -c   conftest.c >&5
configure:3153: $? = 0
configure:3157: test -z 
			 || test ! -s conftest.err
configure:3160: $? = 0
configure:3163: test -s conftest.o
configure:3166: $? = 0
configure:3179: result: yes
configure:3185: checking whether gcc accepts -g
configure:3206: gcc -c -g  conftest.c >&5
configure:3212: $? = 0
configure:3216: test -z 
			 || test ! -s conftest.err
configure:3219: $? = 0
configure:3222: test -s conftest.o
configure:3225: $? = 0
configure:3236: result: yes
configure:3253: checking for gcc option to accept ANSI C
configure:3323: gcc  -c -g -O2  conftest.c >&5
configure:3329: $? = 0
configure:3333: test -z 
			 || test ! -s conftest.err
configure:3336: $? = 0
configure:3339: test -s conftest.o
configure:3342: $? = 0
configure:3360: result: none needed
configure:3378: gcc -c -g -O2  conftest.c >&5
conftest.c:2: error: expected '=', ',', ';', 'asm' or '__attribute__' before 'me'
configure:3384: $? = 1
configure: failed program was:
| #ifndef __cplusplus
|   choke me
| #endif
configure:3519: checking dependency style of gcc
configure:3602: result: gcc3
configure:3713: checking for C++ compiler version
configure:3716: g++ --version </dev/null >&5
g++ (GCC) 4.4.7 20120313 (Red Hat 4.4.7-3)
Copyright (C) 2010 Free Software Foundation, Inc.
This is free software; see the source for copying conditions.  There is NO
warranty; not even for MERCHANTABILITY or FITNESS FOR A PARTICULAR PURPOSE.

configure:3719: $? = 0
configure:3721: g++ -v </dev/null >&5
Using built-in specs.
Target: x86_64-redhat-linux
Configured with: ../configure --prefix=/usr --mandir=/usr/share/man --infodir=/usr/share/info --with-bugurl=http://bugzilla.redhat.com/bugzilla --enable-bootstrap --enable-shared --enable-threads=posix --enable-checking=release --with-system-zlib --enable-__cxa_atexit --disable-libunwind-exceptions --enable-gnu-unique-object --enable-languages=c,c++,objc,obj-c++,java,fortran,ada --enable-java-awt=gtk --disable-dssi --with-java-home=/usr/lib/jvm/java-1.5.0-gcj-1.5.0.0/jre --enable-libgcj-multifile --enable-java-maintainer-mode --with-ecj-jar=/usr/share/java/eclipse-ecj.jar --disable-libjava-multilib --with-ppl --with-cloog --with-tune=generic --with-arch_32=i686 --build=x86_64-redhat-linux
Thread model: posix
gcc version 4.4.7 20120313 (Red Hat 4.4.7-3) (GCC) 
configure:3724: $? = 0
configure:3726: g++ -V </dev/null >&5
g++: '-V' option must have argument
configure:3729: $? = 1
configure:3732: checking whether we are using the GNU C++ compiler
configure:3788: result: yes
configure:3794: checking whether g++ accepts -g
configure:3845: result: yes
configure:3887: g++ -c -g -O2  conftest.cc >&5
configure:3893: $? = 0
configure:3897: test -z 
			 || test ! -s conftest.err
configure:3900: $? = 0
configure:3903: test -s conftest.o
configure:3906: $? = 0
configure:3932: g++ -c -g -O2  conftest.cc >&5
configure:3938: $? = 0
configure:3942: test -z 
			 || test ! -s conftest.err
configure:3945: $? = 0
configure:3948: test -s conftest.o
configure:3951: $? = 0
configure:3976: checking dependency style of g++
configure:4059: result: gcc3
configure:4081: checking how to run the C preprocessor
configure:4116: gcc -E  conftest.c
configure:4122: $? = 0
configure:4154: gcc -E  conftest.c
conftest.c:14:28: error: ac_nonexistent.h: No such file or directory
configure:4160: $? = 1
configure: failed program was:
| /* confdefs.h.  */
| 
| #define PACKAGE_NAME "proz"
| #define PACKAGE_TARNAME "proz"
| #define PACKAGE_VERSION "2.0.4"
| #define PACKAGE_STRING "proz 2.0.4"
| #define PACKAGE_BUGREPORT "prozilla@genesys.ro"
| #define PACKAGE "proz"
| #define VERSION "2.0.4"
| #ifdef __cplusplus
| extern "C" void exit (int) throw ();
| #endif
| /* end confdefs.h.  */
| #include <ac_nonexistent.h>
configure:4199: result: gcc -E
configure:4223: gcc -E  conftest.c
configure:4229: $? = 0
configure:4261: gcc -E  conftest.c
conftest.c:14:28: error: ac_nonexistent.h: No such file or directory
configure:4267: $? = 1
configure: failed program was:
| /* confdefs.h.  */
| 
| #define PACKAGE_NAME "proz"
| #define PACKAGE_TARNAME "proz"
| #define PACKAGE_VERSION "2.0.4"
| #define PACKAGE_STRING "proz 2.0.4"
| #define PACKAGE_BUGREPORT "prozilla@genesys.ro"
| #define PACKAGE "proz"
| #define VERSION "2.0.4"
| #ifdef __cplusplus
| extern "C" void exit (int) throw ();
| #endif
| /* end confdefs.h.  */
| #include <ac_nonexistent.h>
configure:4323: checking for a BSD-compatible install
configure:4378: result: /usr/bin/install -c
configure:4391: checking for uname
configure:4407: found /bin/uname
configure:4418: result: uname
configure:4499: checking for a sed that does not truncate output
configure:4553: result: /bin/sed
configure:4556: checking for egrep
configure:4566: result: grep -E
configure:4582: checking for ld used by gcc
configure:4649: result: /usr/bin/ld
configure:4658: checking if the linker (/usr/bin/ld) is GNU ld
configure:4673: result: yes
configure:4678: checking for /usr/bin/ld option to reload object files
configure:4685: result: -r
configure:4703: checking for BSD-compatible nm
configure:4752: result: /usr/bin/nm -B
configure:4756: checking whether ln -s works
configure:4760: result: yes
configure:4767: checking how to recognise dependent libraries
configure:4943: result: pass_all
configure:5031: g++ -c -g -O2  conftest.cc >&5
configure:5034: $? = 0
configure:5176: checking for ANSI C header files
configure:5201: g++ -c -g -O2  conftest.cc >&5
configure:5207: $? = 0
configure:5211: test -z 
			 || test ! -s conftest.err
configure:5214: $? = 0
configure:5217: test -s conftest.o
configure:5220: $? = 0
./configure: line 5242: conftest.cc: command not found
configure:5332: result: no
configure:5356: checking for sys/types.h
configure:5372: g++ -c -g -O2  conftest.cc >&5
configure:5378: $? = 0
configure:5382: test -z 
			 || test ! -s conftest.err
configure:5385: $? = 0
configure:5388: test -s conftest.o
configure:5391: $? = 0
configure:5402: result: yes
configure:5356: checking for sys/stat.h
configure:5372: g++ -c -g -O2  conftest.cc >&5
configure:5378: $? = 0
configure:5382: test -z 
			 || test ! -s conftest.err
configure:5385: $? = 0
configure:5388: test -s conftest.o
configure:5391: $? = 0
configure:5402: result: yes
configure:5356: checking for stdlib.h
configure:5372: g++ -c -g -O2  conftest.cc >&5
configure:5378: $? = 0
configure:5382: test -z 
			 || test ! -s conftest.err
configure:5385: $? = 0
configure:5388: test -s conftest.o
configure:5391: $? = 0
configure:5402: result: yes
configure:5356: checking for string.h
configure:5372: g++ -c -g -O2  conftest.cc >&5
configure:5378: $? = 0
configure:5382: test -z 
			 || test ! -s conftest.err
configure:5385: $? = 0
configure:5388: test -s conftest.o
configure:5391: $? = 0
configure:5402: result: yes
configure:5356: checking for memory.h
configure:5372: g++ -c -g -O2  conftest.cc >&5
configure:5378: $? = 0
configure:5382: test -z 
			 || test ! -s conftest.err
configure:5385: $? = 0
configure:5388: test -s conftest.o
configure:5391: $? = 0
configure:5402: result: yes
configure:5356: checking for strings.h
configure:5372: g++ -c -g -O2  conftest.cc >&5
configure:5378: $? = 0
configure:5382: test -z 
			 || test ! -s conftest.err
configure:5385: $? = 0
configure:5388: test -s conftest.o
configure:5391: $? = 0
configure:5402: result: yes
configure:5356: checking for inttypes.h
configure:5372: g++ -c -g -O2  conftest.cc >&5
configure:5378: $? = 0
configure:5382: test -z 
			 || test ! -s conftest.err
configure:5385: $? = 0
configure:5388: test -s conftest.o
configure:5391: $? = 0
configure:5402: result: yes
configure:5356: checking for stdint.h
configure:5372: g++ -c -g -O2  conftest.cc >&5
configure:5378: $? = 0
configure:5382: test -z 
			 || test ! -s conftest.err
configure:5385: $? = 0
configure:5388: test -s conftest.o
configure:5391: $? = 0
configure:5402: result: yes
configure:5356: checking for unistd.h
configure:5372: g++ -c -g -O2  conftest.cc >&5
configure:5378: $? = 0
configure:5382: test -z 
			 || test ! -s conftest.err
configure:5385: $? = 0
configure:5388: test -s conftest.o
configure:5391: $? = 0
configure:5402: result: yes
configure:5428: checking dlfcn.h usability
configure:5440: g++ -c -g -O2  conftest.cc >&5
configure:5446: $? = 0
configure:5450: test -z 
			 || test ! -s conftest.err
configure:5453: $? = 0
configure:5456: test -s conftest.o
configure:5459: $? = 0
configure:5469: result: yes
configure:5473: checking dlfcn.h presence
configure:5483:   conftest.cc
./configure: line 5484: conftest.cc: command not found
configure:5489: $? = 127
configure: failed program was:
| /* confdefs.h.  */
| 
| #define PACKAGE_NAME "proz"
| #define PACKAGE_TARNAME "proz"
| #define PACKAGE_VERSION "2.0.4"
| #define PACKAGE_STRING "proz 2.0.4"
| #define PACKAGE_BUGREPORT "prozilla@genesys.ro"
| #define PACKAGE "proz"
| #define VERSION "2.0.4"
| #ifdef __cplusplus
| extern "C" void exit (int) throw ();
| #endif
| #define HAVE_SYS_TYPES_H 1
| #define HAVE_SYS_STAT_H 1
| #define HAVE_STDLIB_H 1
| #define HAVE_STRING_H 1
| #define HAVE_MEMORY_H 1
| #define HAVE_STRINGS_H 1
| #define HAVE_INTTYPES_H 1
| #define HAVE_STDINT_H 1
| #define HAVE_UNISTD_H 1
| /* end confdefs.h.  */
| #include <dlfcn.h>
configure:5509: result: no
configure:5515: WARNING: dlfcn.h: accepted by the compiler, rejected by the preprocessor!
configure:5517: WARNING: dlfcn.h: proceeding with the compiler's result
configure:5544: checking for dlfcn.h
configure:5551: result: yes
configure:5574: checking how to run the C++ preprocessor
configure:5605: g++ -E  conftest.cc
configure:5611: $? = 0
configure:5643: g++ -E  conftest.cc
conftest.cc:24:28: error: ac_nonexistent.h: No such file or directory
configure:5649: $? = 1
configure: failed program was:
| /* confdefs.h.  */
| 
| #define PACKAGE_NAME "proz"
| #define PACKAGE_TARNAME "proz"
| #define PACKAGE_VERSION "2.0.4"
| #define PACKAGE_STRING "proz 2.0.4"
| #define PACKAGE_BUGREPORT "prozilla@genesys.ro"
| #define PACKAGE "proz"
| #define VERSION "2.0.4"
| #ifdef __cplusplus
| extern "C" void exit (int) throw ();
| #endif
| #define HAVE_SYS_TYPES_H 1
| #define HAVE_SYS_STAT_H 1
| #define HAVE_STDLIB_H 1
| #define HAVE_STRING_H 1
| #define HAVE_MEMORY_H 1
| #define HAVE_STRINGS_H 1
| #define HAVE_INTTYPES_H 1
| #define HAVE_STDINT_H 1
| #define HAVE_UNISTD_H 1
| #define HAVE_DLFCN_H 1
| /* end confdefs.h.  */
| #include <ac_nonexistent.h>
configure:5688: result: g++ -E
configure:5712: g++ -E  conftest.cc
configure:5718: $? = 0
configure:5750: g++ -E  conftest.cc
conftest.cc:24:28: error: ac_nonexistent.h: No such file or directory
configure:5756: $? = 1
configure: failed program was:
| /* confdefs.h.  */
| 
| #define PACKAGE_NAME "proz"
| #define PACKAGE_TARNAME "proz"
| #define PACKAGE_VERSION "2.0.4"
| #define PACKAGE_STRING "proz 2.0.4"
| #define PACKAGE_BUGREPORT "prozilla@genesys.ro"
| #define PACKAGE "proz"
| #define VERSION "2.0.4"
| #ifdef __cplusplus
| extern "C" void exit (int) throw ();
| #endif
| #define HAVE_SYS_TYPES_H 1
| #define HAVE_SYS_STAT_H 1
| #define HAVE_STDLIB_H 1
| #define HAVE_STRING_H 1
| #define HAVE_MEMORY_H 1
| #define HAVE_STRINGS_H 1
| #define HAVE_INTTYPES_H 1
| #define HAVE_STDINT_H 1
| #define HAVE_UNISTD_H 1
| #define HAVE_DLFCN_H 1
| /* end confdefs.h.  */
| #include <ac_nonexistent.h>
configure:5852: checking for g77
configure:5868: found /usr/bin/g77
configure:5878: result: g77
configure:5893: checking for Fortran 77 compiler version
configure:5896: g77 --version </dev/null >&5
GNU Fortran (GCC) 3.4.6 20060404 (Red Hat 3.4.6-19.el6)
Copyright (C) 2006 Free Software Foundation, Inc.

GNU Fortran comes with NO WARRANTY, to the extent permitted by law.
You may redistribute copies of GNU Fortran
under the terms of the GNU General Public License.
For more information about these matters, see the file named COPYING
or type the command `info -f g77 Copying'.
configure:5899: $? = 0
configure:5901: g77 -v </dev/null >&5
Reading specs from /usr/lib/gcc/x86_64-redhat-linux/3.4.6/specs
Configured with: ../configure --prefix=/usr --mandir=/usr/share/man --infodir=/usr/share/info --enable-shared --enable-threads=posix --disable-checking --with-system-zlib --enable-__cxa_atexit --disable-libunwind-exceptions --enable-languages=c,c++,f77 --disable-libgcj --host=x86_64-redhat-linux
Thread model: posix
gcc version 3.4.6 20060404 (Red Hat 3.4.6-19.el6)
configure:5904: $? = 0
configure:5906: g77 -V </dev/null >&5
g77: `-V' option must have argument
configure:5909: $? = 1
configure:5917: checking whether we are using the GNU Fortran 77 compiler
configure:5931: g77 -c  conftest.F >&5
configure:5937: $? = 0
configure:5941: test -z 
			 || test ! -s conftest.err
configure:5944: $? = 0
configure:5947: test -s conftest.o
configure:5950: $? = 0
configure:5963: result: yes
configure:5969: checking whether g77 accepts -g
configure:5981: g77 -c -g conftest.f >&5
configure:5987: $? = 0
configure:5991: test -z 
			 || test ! -s conftest.err
configure:5994: $? = 0
configure:5997: test -s conftest.o
configure:6000: $? = 0
configure:6012: result: yes
configure:6042: checking the maximum length of command line arguments
configure:6151: result: 32768
configure:6162: checking command to parse /usr/bin/nm -B output from gcc object
configure:6267: g++ -c -g -O2  conftest.cc >&5
configure:6270: $? = 0
configure:6274: /usr/bin/nm -B conftest.o \| sed -n -e 's/^.*[ 	]\([ABCDGIRSTW][ABCDGIRSTW]*\)[ 	][ 	]*\([_A-Za-z][_A-Za-z0-9]*\)$/\1 \2 \2/p' \> conftest.nm
configure:6277: $? = 0
configure:6329: g++ -o conftest -g -O2   conftest.cc conftstm.o >&5
configure:6332: $? = 0
configure:6370: result: ok
configure:6374: checking for objdir
configure:6389: result: .libs
configure:6479: checking for ar
configure:6495: found /usr/bin/ar
configure:6506: result: ar
configure:6559: checking for ranlib
configure:6575: found /usr/bin/ranlib
configure:6586: result: ranlib
configure:6639: checking for strip
configure:6655: found /usr/bin/strip
configure:6666: result: strip
configure:6889: checking for correct ltmain.sh version
configure:6939: result: yes
configure:6999: checking if gcc supports -fno-rtti -fno-exceptions
configure:7017: gcc -c -g -O2  -fno-rtti -fno-exceptions conftest.c >&5
cc1: warning: command line option "-fno-rtti" is valid for C++/ObjC++ but not for C
configure:7021: $? = 0
configure:7034: result: no
configure:7049: checking for gcc option to produce PIC
configure:7259: result: -fPIC
configure:7267: checking if gcc PIC flag -fPIC works
configure:7285: gcc -c -g -O2  -fPIC -DPIC conftest.c >&5
configure:7289: $? = 0
configure:7302: result: yes
configure:7330: checking if gcc static flag -static works
configure:7358: result: no
configure:7368: checking if gcc supports -c -o file.o
configure:7389: gcc -c -g -O2  -o out/conftest2.o conftest.c >&5
configure:7393: $? = 0
configure:7415: result: yes
configure:7441: checking whether the gcc linker (/usr/bin/ld -m elf_x86_64) supports shared libraries
configure:8399: result: yes
configure:8420: checking whether -lc should be explicitly linked in
configure:8425: gcc -c -g -O2  conftest.c >&5
configure:8428: $? = 0
configure:8443: gcc -shared conftest.o  -v -Wl,-soname -Wl,conftest -o conftest 2\>\&1 \| grep  -lc  \>/dev/null 2\>\&1
configure:8446: $? = 0
configure:8458: result: no
configure:8466: checking dynamic linker characteristics
configure:9091: result: GNU/Linux ld.so
configure:9100: checking how to hardcode library paths into programs
configure:9125: result: immediate
configure:9139: checking whether stripping libraries is possible
configure:9144: result: yes
configure:9978: checking if libtool supports shared libraries
configure:9980: result: yes
configure:9983: checking whether to build shared libraries
configure:10004: result: yes
configure:10007: checking whether to build static libraries
configure:10011: result: yes
configure:10103: creating libtool
configure:10691: checking for ld used by g++
configure:10758: result: /usr/bin/ld -m elf_x86_64
configure:10767: checking if the linker (/usr/bin/ld -m elf_x86_64) is GNU ld
configure:10782: result: yes
configure:10833: checking whether the g++ linker (/usr/bin/ld -m elf_x86_64) supports shared libraries
configure:11771: result: yes
configure:11789: g++ -c -g -O2  conftest.cpp >&5
configure:11792: $? = 0
configure:11911: checking for g++ option to produce PIC
configure:12185: result: -fPIC
configure:12193: checking if g++ PIC flag -fPIC works
configure:12211: g++ -c -g -O2  -fPIC -DPIC conftest.cpp >&5
configure:12215: $? = 0
configure:12228: result: yes
configure:12256: checking if g++ static flag -static works
configure:12284: result: no
configure:12294: checking if g++ supports -c -o file.o
configure:12315: g++ -c -g -O2  -o out/conftest2.o conftest.cpp >&5
configure:12319: $? = 0
configure:12341: result: yes
configure:12367: checking whether the g++ linker (/usr/bin/ld -m elf_x86_64) supports shared libraries
configure:12392: result: yes
configure:12459: checking dynamic linker characteristics
configure:13084: result: GNU/Linux ld.so
configure:13093: checking how to hardcode library paths into programs
configure:13118: result: immediate
configure:13644: checking if libtool supports shared libraries
configure:13646: result: yes
configure:13649: checking whether to build shared libraries
configure:13669: result: yes
configure:13672: checking whether to build static libraries
configure:13676: result: yes
configure:13686: checking for g77 option to produce PIC
configure:13896: result: -fPIC
configure:13904: checking if g77 PIC flag -fPIC works
configure:13922: g77 -c -g -O2 -fPIC conftest.f >&5
configure:13926: $? = 0
configure:13939: result: yes
configure:13967: checking if g77 static flag -static works
configure:13995: result: no
configure:14005: checking if g77 supports -c -o file.o
configure:14026: g77 -c -g -O2 -o out/conftest2.o conftest.f >&5
configure:14030: $? = 0
configure:14052: result: yes
configure:14078: checking whether the g77 linker (/usr/bin/ld -m elf_x86_64) supports shared libraries
configure:15016: result: yes
configure:15083: checking dynamic linker characteristics
configure:15708: result: GNU/Linux ld.so
configure:15717: checking how to hardcode library paths into programs
configure:15742: result: immediate
configure:19384: checking for ranlib
configure:19411: result: ranlib
configure:19423: checking for an ANSI C-conforming const
configure:19490: g++ -c -g -O2  conftest.cc >&5
configure:19496: $? = 0
configure:19500: test -z 
			 || test ! -s conftest.err
configure:19503: $? = 0
configure:19506: test -s conftest.o
configure:19509: $? = 0
configure:19520: result: yes
configure:19530: checking for inline
configure:19551: g++ -c -g -O2  conftest.cc >&5
configure:19557: $? = 0
configure:19561: test -z 
			 || test ! -s conftest.err
configure:19564: $? = 0
configure:19567: test -s conftest.o
configure:19570: $? = 0
configure:19582: result: inline
configure:19601: checking for off_t
configure:19625: g++ -c -g -O2  conftest.cc >&5
configure:19631: $? = 0
configure:19635: test -z 
			 || test ! -s conftest.err
configure:19638: $? = 0
configure:19641: test -s conftest.o
configure:19644: $? = 0
configure:19655: result: yes
configure:19667: checking for size_t
configure:19691: g++ -c -g -O2  conftest.cc >&5
configure:19697: $? = 0
configure:19701: test -z 
			 || test ! -s conftest.err
configure:19704: $? = 0
configure:19707: test -s conftest.o
configure:19710: $? = 0
configure:19721: result: yes
configure:19736: checking for working alloca.h
configure:19757: g++ -o conftest -g -O2   conftest.cc  >&5
configure:19763: $? = 0
configure:19767: test -z 
			 || test ! -s conftest.err
configure:19770: $? = 0
configure:19773: test -s conftest
configure:19776: $? = 0
configure:19788: result: yes
configure:19798: checking for alloca
configure:19839: g++ -o conftest -g -O2   conftest.cc  >&5
configure:19845: $? = 0
configure:19849: test -z 
			 || test ! -s conftest.err
configure:19852: $? = 0
configure:19855: test -s conftest
configure:19858: $? = 0
configure:19870: result: yes
configure:20099: checking for stdlib.h
configure:20104: result: yes
configure:20099: checking for unistd.h
configure:20104: result: yes
configure:20248: checking for getpagesize
configure:20305: g++ -o conftest -g -O2   conftest.cc  >&5
configure:20311: $? = 0
configure:20315: test -z 
			 || test ! -s conftest.err
configure:20318: $? = 0
configure:20321: test -s conftest
configure:20324: $? = 0
configure:20336: result: yes
configure:20346: checking for working mmap
configure:20488: g++ -o conftest -g -O2   conftest.cc  >&5
configure:20491: $? = 0
configure:20493: ./conftest
configure:20496: $? = 0
configure:20510: result: yes
configure:20522: checking whether we are using the GNU C Library 2.1 or newer
configure:20553: result: yes
configure:20584: checking argz.h usability
configure:20596: g++ -c -g -O2  conftest.cc >&5
configure:20602: $? = 0
configure:20606: test -z 
			 || test ! -s conftest.err
configure:20609: $? = 0
configure:20612: test -s conftest.o
configure:20615: $? = 0
configure:20625: result: yes
configure:20629: checking argz.h presence
configure:20639: g++ -E  conftest.cc
configure:20645: $? = 0
configure:20665: result: yes
configure:20700: checking for argz.h
configure:20707: result: yes
configure:20584: checking limits.h usability
configure:20596: g++ -c -g -O2  conftest.cc >&5
configure:20602: $? = 0
configure:20606: test -z 
			 || test ! -s conftest.err
configure:20609: $? = 0
configure:20612: test -s conftest.o
configure:20615: $? = 0
configure:20625: result: yes
configure:20629: checking limits.h presence
configure:20639: g++ -E  conftest.cc
configure:20645: $? = 0
configure:20665: result: yes
configure:20700: checking for limits.h
configure:20707: result: yes
configure:20584: checking locale.h usability
configure:20596: g++ -c -g -O2  conftest.cc >&5
configure:20602: $? = 0
configure:20606: test -z 
			 || test ! -s conftest.err
configure:20609: $? = 0
configure:20612: test -s conftest.o
configure:20615: $? = 0
configure:20625: result: yes
configure:20629: checking locale.h presence
configure:20639: g++ -E  conftest.cc
configure:20645: $? = 0
configure:20665: result: yes
configure:20700: checking for locale.h
configure:20707: result: yes
configure:20584: checking nl_types.h usability
configure:20596: g++ -c -g -O2  conftest.cc >&5
configure:20602: $? = 0
configure:20606: test -z 
			 || test ! -s conftest.err
configure:20609: $? = 0
configure:20612: test -s conftest.o
configure:20615: $? = 0
configure:20625: result: yes
configure:20629: checking nl_types.h presence
configure:20639: g++ -E  conftest.cc
configure:20645: $? = 0
configure:20665: result: yes
configure:20700: checking for nl_types.h
configure:20707: result: yes
configure:20584: checking malloc.h usability
configure:20596: g++ -c -g -O2  conftest.cc >&5
configure:20602: $? = 0
configure:20606: test -z 
			 || test ! -s conftest.err
configure:20609: $? = 0
configure:20612: test -s conftest.o
configure:20615: $? = 0
configure:20625: result: yes
configure:20629: checking malloc.h presence
configure:20639: g++ -E  conftest.cc
configure:20645: $? = 0
configure:20665: result: yes
configure:20700: checking for malloc.h
configure:20707: result: yes
configure:20584: checking stddef.h usability
configure:20596: g++ -c -g -O2  conftest.cc >&5
configure:20602: $? = 0
configure:20606: test -z 
			 || test ! -s conftest.err
configure:20609: $? = 0
configure:20612: test -s conftest.o
configure:20615: $? = 0
configure:20625: result: yes
configure:20629: checking stddef.h presence
configure:20639: g++ -E  conftest.cc
configure:20645: $? = 0
configure:20665: result: yes
configure:20700: checking for stddef.h
configure:20707: result: yes
configure:20575: checking for stdlib.h
configure:20580: result: yes
configure:20575: checking for string.h
configure:20580: result: yes
configure:20575: checking for unistd.h
configure:20580: result: yes
configure:20584: checking sys/param.h usability
configure:20596: g++ -c -g -O2  conftest.cc >&5
configure:20602: $? = 0
configure:20606: test -z 
			 || test ! -s conftest.err
configure:20609: $? = 0
configure:20612: test -s conftest.o
configure:20615: $? = 0
configure:20625: result: yes
configure:20629: checking sys/param.h presence
configure:20639: g++ -E  conftest.cc
configure:20645: $? = 0
configure:20665: result: yes
configure:20700: checking for sys/param.h
configure:20707: result: yes
configure:20746: checking for feof_unlocked
configure:20803: g++ -o conftest -g -O2   conftest.cc  >&5
configure:20809: $? = 0
configure:20813: test -z 
			 || test ! -s conftest.err
configure:20816: $? = 0
configure:20819: test -s conftest
configure:20822: $? = 0
configure:20834: result: yes
configure:20746: checking for fgets_unlocked
configure:20803: g++ -o conftest -g -O2   conftest.cc  >&5
configure:20809: $? = 0
configure:20813: test -z 
			 || test ! -s conftest.err
configure:20816: $? = 0
configure:20819: test -s conftest
configure:20822: $? = 0
configure:20834: result: yes
configure:20746: checking for getcwd
configure:20803: g++ -o conftest -g -O2   conftest.cc  >&5
configure:20809: $? = 0
configure:20813: test -z 
			 || test ! -s conftest.err
configure:20816: $? = 0
configure:20819: test -s conftest
configure:20822: $? = 0
configure:20834: result: yes
configure:20746: checking for getegid
configure:20803: g++ -o conftest -g -O2   conftest.cc  >&5
configure:20809: $? = 0
configure:20813: test -z 
			 || test ! -s conftest.err
configure:20816: $? = 0
configure:20819: test -s conftest
configure:20822: $? = 0
configure:20834: result: yes
configure:20746: checking for geteuid
configure:20803: g++ -o conftest -g -O2   conftest.cc  >&5
configure:20809: $? = 0
configure:20813: test -z 
			 || test ! -s conftest.err
configure:20816: $? = 0
configure:20819: test -s conftest
configure:20822: $? = 0
configure:20834: result: yes
configure:20746: checking for getgid
configure:20803: g++ -o conftest -g -O2   conftest.cc  >&5
configure:20809: $? = 0
configure:20813: test -z 
			 || test ! -s conftest.err
configure:20816: $? = 0
configure:20819: test -s conftest
configure:20822: $? = 0
configure:20834: result: yes
configure:20746: checking for getuid
configure:20803: g++ -o conftest -g -O2   conftest.cc  >&5
configure:20809: $? = 0
configure:20813: test -z 
			 || test ! -s conftest.err
configure:20816: $? = 0
configure:20819: test -s conftest
configure:20822: $? = 0
configure:20834: result: yes
configure:20746: checking for mempcpy
configure:20803: g++ -o conftest -g -O2   conftest.cc  >&5
configure:20809: $? = 0
configure:20813: test -z 
			 || test ! -s conftest.err
configure:20816: $? = 0
configure:20819: test -s conftest
configure:20822: $? = 0
configure:20834: result: yes
configure:20746: checking for munmap
configure:20803: g++ -o conftest -g -O2   conftest.cc  >&5
configure:20809: $? = 0
configure:20813: test -z 
			 || test ! -s conftest.err
configure:20816: $? = 0
configure:20819: test -s conftest
configure:20822: $? = 0
configure:20834: result: yes
configure:20746: checking for putenv
configure:20803: g++ -o conftest -g -O2   conftest.cc  >&5
configure:20809: $? = 0
configure:20813: test -z 
			 || test ! -s conftest.err
configure:20816: $? = 0
configure:20819: test -s conftest
configure:20822: $? = 0
configure:20834: result: yes
configure:20746: checking for setenv
configure:20803: g++ -o conftest -g -O2   conftest.cc  >&5
configure:20809: $? = 0
configure:20813: test -z 
			 || test ! -s conftest.err
configure:20816: $? = 0
configure:20819: test -s conftest
configure:20822: $? = 0
configure:20834: result: yes
configure:20746: checking for setlocale
configure:20803: g++ -o conftest -g -O2   conftest.cc  >&5
configure:20809: $? = 0
configure:20813: test -z 
			 || test ! -s conftest.err
configure:20816: $? = 0
configure:20819: test -s conftest
configure:20822: $? = 0
configure:20834: result: yes
configure:20746: checking for stpcpy
configure:20803: g++ -o conftest -g -O2   conftest.cc  >&5
configure:20809: $? = 0
configure:20813: test -z 
			 || test ! -s conftest.err
configure:20816: $? = 0
configure:20819: test -s conftest
configure:20822: $? = 0
configure:20834: result: yes
configure:20746: checking for strchr
configure:20803: g++ -o conftest -g -O2   conftest.cc  >&5
configure:20809: $? = 0
configure:20813: test -z 
			 || test ! -s conftest.err
configure:20816: $? = 0
configure:20819: test -s conftest
configure:20822: $? = 0
configure:20834: result: yes
configure:20746: checking for strcasecmp
configure:20803: g++ -o conftest -g -O2   conftest.cc  >&5
configure:20809: $? = 0
configure:20813: test -z 
			 || test ! -s conftest.err
configure:20816: $? = 0
configure:20819: test -s conftest
configure:20822: $? = 0
configure:20834: result: yes
configure:20746: checking for strdup
configure:20803: g++ -o conftest -g -O2   conftest.cc  >&5
configure:20809: $? = 0
configure:20813: test -z 
			 || test ! -s conftest.err
configure:20816: $? = 0
configure:20819: test -s conftest
configure:20822: $? = 0
configure:20834: result: yes
configure:20746: checking for strtoul
configure:20803: g++ -o conftest -g -O2   conftest.cc  >&5
configure:20809: $? = 0
configure:20813: test -z 
			 || test ! -s conftest.err
configure:20816: $? = 0
configure:20819: test -s conftest
configure:20822: $? = 0
configure:20834: result: yes
configure:20746: checking for tsearch
configure:20803: g++ -o conftest -g -O2   conftest.cc  >&5
configure:20809: $? = 0
configure:20813: test -z 
			 || test ! -s conftest.err
configure:20816: $? = 0
configure:20819: test -s conftest
configure:20822: $? = 0
configure:20834: result: yes
configure:20746: checking for __argz_count
configure:20803: g++ -o conftest -g -O2   conftest.cc  >&5
configure:20809: $? = 0
configure:20813: test -z 
			 || test ! -s conftest.err
configure:20816: $? = 0
configure:20819: test -s conftest
configure:20822: $? = 0
configure:20834: result: yes
configure:20746: checking for __argz_stringify
configure:20803: g++ -o conftest -g -O2   conftest.cc  >&5
configure:20809: $? = 0
configure:20813: test -z 
			 || test ! -s conftest.err
configure:20816: $? = 0
configure:20819: test -s conftest
configure:20822: $? = 0
configure:20834: result: yes
configure:20746: checking for __argz_next
configure:20803: g++ -o conftest -g -O2   conftest.cc  >&5
configure:20809: $? = 0
configure:20813: test -z 
			 || test ! -s conftest.err
configure:20816: $? = 0
configure:20819: test -s conftest
configure:20822: $? = 0
configure:20834: result: yes
configure:20859: checking for iconv
configure:20886: g++ -o conftest -g -O2   conftest.cc  >&5
configure:20892: $? = 0
configure:20896: test -z 
			 || test ! -s conftest.err
configure:20899: $? = 0
configure:20902: test -s conftest
configure:20905: $? = 0
configure:20971: result: yes
configure:20979: checking for iconv declaration
configure:21013: g++ -c -g -O2  conftest.cc >&5
configure:21019: $? = 0
configure:21023: test -z 
			 || test ! -s conftest.err
configure:21026: $? = 0
configure:21029: test -s conftest.o
configure:21032: $? = 0
configure:21047: result: 
         extern size_t iconv (iconv_t cd, char * *inbuf, size_t *inbytesleft, char * *outbuf, size_t *outbytesleft);
configure:21063: checking for nl_langinfo and CODESET
configure:21084: g++ -o conftest -g -O2   conftest.cc  >&5
configure:21090: $? = 0
configure:21094: test -z 
			 || test ! -s conftest.err
configure:21097: $? = 0
configure:21100: test -s conftest
configure:21103: $? = 0
configure:21116: result: yes
configure:21127: checking for LC_MESSAGES
configure:21148: g++ -o conftest -g -O2   conftest.cc  >&5
configure:21154: $? = 0
configure:21158: test -z 
			 || test ! -s conftest.err
configure:21161: $? = 0
configure:21164: test -s conftest
configure:21167: $? = 0
configure:21179: result: yes
configure:21189: checking whether NLS is requested
configure:21198: result: yes
configure:21212: checking whether included gettext is requested
configure:21222: result: no
configure:21242: checking libintl.h usability
configure:21254: g++ -c -g -O2  conftest.cc >&5
configure:21260: $? = 0
configure:21264: test -z 
			 || test ! -s conftest.err
configure:21267: $? = 0
configure:21270: test -s conftest.o
configure:21273: $? = 0
configure:21283: result: yes
configure:21287: checking libintl.h presence
configure:21297: g++ -E  conftest.cc
configure:21303: $? = 0
configure:21323: result: yes
configure:21358: checking for libintl.h
configure:21365: result: yes
configure:21370: checking for GNU gettext in libc
configure:21393: g++ -o conftest -g -O2   conftest.cc  >&5
conftest.cc: In function 'int main()':
conftest.cc:72: error: cast from 'char*' to 'int' loses precision
configure:21399: $? = 1
configure: failed program was:
| /* confdefs.h.  */
| 
| #define PACKAGE_NAME "proz"
| #define PACKAGE_TARNAME "proz"
| #define PACKAGE_VERSION "2.0.4"
| #define PACKAGE_STRING "proz 2.0.4"
| #define PACKAGE_BUGREPORT "prozilla@genesys.ro"
| #define PACKAGE "proz"
| #define VERSION "2.0.4"
| #ifdef __cplusplus
| extern "C" void exit (int) throw ();
| #endif
| #define HAVE_SYS_TYPES_H 1
| #define HAVE_SYS_STAT_H 1
| #define HAVE_STDLIB_H 1
| #define HAVE_STRING_H 1
| #define HAVE_MEMORY_H 1
| #define HAVE_STRINGS_H 1
| #define HAVE_INTTYPES_H 1
| #define HAVE_STDINT_H 1
| #define HAVE_UNISTD_H 1
| #define HAVE_DLFCN_H 1
| #define HAVE_ALLOCA_H 1
| #define HAVE_ALLOCA 1
| #define HAVE_STDLIB_H 1
| #define HAVE_UNISTD_H 1
| #define HAVE_GETPAGESIZE 1
| #define HAVE_MMAP 1
| #define HAVE_ARGZ_H 1
| #define HAVE_LIMITS_H 1
| #define HAVE_LOCALE_H 1
| #define HAVE_NL_TYPES_H 1
| #define HAVE_MALLOC_H 1
| #define HAVE_STDDEF_H 1
| #define HAVE_STDLIB_H 1
| #define HAVE_STRING_H 1
| #define HAVE_UNISTD_H 1
| #define HAVE_SYS_PARAM_H 1
| #define HAVE_FEOF_UNLOCKED 1
| #define HAVE_FGETS_UNLOCKED 1
| #define HAVE_GETCWD 1
| #define HAVE_GETEGID 1
| #define HAVE_GETEUID 1
| #define HAVE_GETGID 1
| #define HAVE_GETUID 1
| #define HAVE_MEMPCPY 1
| #define HAVE_MUNMAP 1
| #define HAVE_PUTENV 1
| #define HAVE_SETENV 1
| #define HAVE_SETLOCALE 1
| #define HAVE_STPCPY 1
| #define HAVE_STRCHR 1
| #define HAVE_STRCASECMP 1
| #define HAVE_STRDUP 1
| #define HAVE_STRTOUL 1
| #define HAVE_TSEARCH 1
| #define HAVE___ARGZ_COUNT 1
| #define HAVE___ARGZ_STRINGIFY 1
| #define HAVE___ARGZ_NEXT 1
| #define HAVE_ICONV 1
| #define ICONV_CONST 
| #define HAVE_LANGINFO_CODESET 1
| #define HAVE_LC_MESSAGES 1
| #define ENABLE_NLS 1
| /* end confdefs.h.  */
| #include <libintl.h>
| extern int _nl_msg_cat_cntr;
| int
| main ()
| {
| bindtextdomain ("", "");
| return (int) gettext ("") + _nl_msg_cat_cntr
|   ;
|   return 0;
| }
configure:21424: result: no
configure:21428: checking for GNU gettext in libintl
configure:21453: g++ -o conftest -g -O2   conftest.cc  -lintl  >&5
conftest.cc: In function 'int main()':
conftest.cc:72: error: cast from 'char*' to 'int' loses precision
configure:21459: $? = 1
configure: failed program was:
| /* confdefs.h.  */
| 
| #define PACKAGE_NAME "proz"
| #define PACKAGE_TARNAME "proz"
| #define PACKAGE_VERSION "2.0.4"
| #define PACKAGE_STRING "proz 2.0.4"
| #define PACKAGE_BUGREPORT "prozilla@genesys.ro"
| #define PACKAGE "proz"
| #define VERSION "2.0.4"
| #ifdef __cplusplus
| extern "C" void exit (int) throw ();
| #endif
| #define HAVE_SYS_TYPES_H 1
| #define HAVE_SYS_STAT_H 1
| #define HAVE_STDLIB_H 1
| #define HAVE_STRING_H 1
| #define HAVE_MEMORY_H 1
| #define HAVE_STRINGS_H 1
| #define HAVE_INTTYPES_H 1
| #define HAVE_STDINT_H 1
| #define HAVE_UNISTD_H 1
| #define HAVE_DLFCN_H 1
| #define HAVE_ALLOCA_H 1
| #define HAVE_ALLOCA 1
| #define HAVE_STDLIB_H 1
| #define HAVE_UNISTD_H 1
| #define HAVE_GETPAGESIZE 1
| #define HAVE_MMAP 1
| #define HAVE_ARGZ_H 1
| #define HAVE_LIMITS_H 1
| #define HAVE_LOCALE_H 1
| #define HAVE_NL_TYPES_H 1
| #define HAVE_MALLOC_H 1
| #define HAVE_STDDEF_H 1
| #define HAVE_STDLIB_H 1
| #define HAVE_STRING_H 1
| #define HAVE_UNISTD_H 1
| #define HAVE_SYS_PARAM_H 1
| #define HAVE_FEOF_UNLOCKED 1
| #define HAVE_FGETS_UNLOCKED 1
| #define HAVE_GETCWD 1
| #define HAVE_GETEGID 1
| #define HAVE_GETEUID 1
| #define HAVE_GETGID 1
| #define HAVE_GETUID 1
| #define HAVE_MEMPCPY 1
| #define HAVE_MUNMAP 1
| #define HAVE_PUTENV 1
| #define HAVE_SETENV 1
| #define HAVE_SETLOCALE 1
| #define HAVE_STPCPY 1
| #define HAVE_STRCHR 1
| #define HAVE_STRCASECMP 1
| #define HAVE_STRDUP 1
| #define HAVE_STRTOUL 1
| #define HAVE_TSEARCH 1
| #define HAVE___ARGZ_COUNT 1
| #define HAVE___ARGZ_STRINGIFY 1
| #define HAVE___ARGZ_NEXT 1
| #define HAVE_ICONV 1
| #define ICONV_CONST 
| #define HAVE_LANGINFO_CODESET 1
| #define HAVE_LC_MESSAGES 1
| #define ENABLE_NLS 1
| /* end confdefs.h.  */
| #include <libintl.h>
| extern int _nl_msg_cat_cntr;
| int
| main ()
| {
| bindtextdomain ("", "");
| return (int) gettext ("") + _nl_msg_cat_cntr
|   ;
|   return 0;
| }
configure:21485: result: no
configure:21738: checking for msgfmt
configure:21765: result: /usr/bin/msgfmt
configure:21774: checking for gmsgfmt
configure:21805: result: /usr/bin/msgfmt
configure:21814: checking for xgettext
configure:21841: result: /usr/bin/xgettext
configure:21890: checking for bison
configure:21919: result: no
configure:21977: checking for catalogs to be installed
configure:21997: result:  pt_BR nl ro it fr
configure:22020: checking for an ANSI C-conforming const
configure:22117: result: yes
configure:22127: checking whether time.h and sys/time.h may both be included
configure:22152: g++ -c -g -O2  conftest.cc >&5
configure:22158: $? = 0
configure:22162: test -z 
			 || test ! -s conftest.err
configure:22165: $? = 0
configure:22168: test -s conftest.o
configure:22171: $? = 0
configure:22182: result: yes
configure:22192: checking whether struct tm is in sys/time.h or time.h
configure:22215: g++ -c -g -O2  conftest.cc >&5
configure:22221: $? = 0
configure:22225: test -z 
			 || test ! -s conftest.err
configure:22228: $? = 0
configure:22231: test -s conftest.o
configure:22234: $? = 0
configure:22245: result: time.h
configure:22261: checking for ANSI C header files
configure:22417: result: no
configure:22446: checking ncurses.h usability
configure:22458: g++ -c -g -O2  conftest.cc >&5
configure:22464: $? = 0
configure:22468: test -z 
			 || test ! -s conftest.err
configure:22471: $? = 0
configure:22474: test -s conftest.o
configure:22477: $? = 0
configure:22487: result: yes
configure:22491: checking ncurses.h presence
configure:22501: g++ -E  conftest.cc
configure:22507: $? = 0
configure:22527: result: yes
configure:22562: checking for ncurses.h
configure:22569: result: yes
configure:22446: checking curses.h usability
configure:22458: g++ -c -g -O2  conftest.cc >&5
configure:22464: $? = 0
configure:22468: test -z 
			 || test ! -s conftest.err
configure:22471: $? = 0
configure:22474: test -s conftest.o
configure:22477: $? = 0
configure:22487: result: yes
configure:22491: checking curses.h presence
configure:22501: g++ -E  conftest.cc
configure:22507: $? = 0
configure:22527: result: yes
configure:22562: checking for curses.h
configure:22569: result: yes
configure:22437: checking for string.h
configure:22442: result: yes
configure:22446: checking sys/time.h usability
configure:22458: g++ -c -g -O2  conftest.cc >&5
configure:22464: $? = 0
configure:22468: test -z 
			 || test ! -s conftest.err
configure:22471: $? = 0
configure:22474: test -s conftest.o
configure:22477: $? = 0
configure:22487: result: yes
configure:22491: checking sys/time.h presence
configure:22501: g++ -E  conftest.cc
configure:22507: $? = 0
configure:22527: result: yes
configure:22562: checking for sys/time.h
configure:22569: result: yes
configure:22437: checking for sys/types.h
configure:22442: result: yes
configure:22437: checking for unistd.h
configure:22442: result: yes
configure:22583: checking for initscr in -lncurses
configure:22613: g++ -o conftest -g -O2   conftest.cc -lncurses   >&5
configure:22619: $? = 0
configure:22623: test -z 
			 || test ! -s conftest.err
configure:22626: $? = 0
configure:22629: test -s conftest
configure:22632: $? = 0
configure:22645: result: yes
configure:22764: checking for strdup
configure:22852: result: yes
configure:22866: checking for strcasecmp
configure:22954: result: yes
configure:22968: checking for strncasecmp
configure:23025: g++ -o conftest -g -O2   conftest.cc -lncurses  >&5
configure:23031: $? = 0
configure:23035: test -z 
			 || test ! -s conftest.err
configure:23038: $? = 0
configure:23041: test -s conftest
configure:23044: $? = 0
configure:23056: result: yes
configure:23068: checking for size_t
configure:23122: result: yes
configure:23134: checking for socklen_t
configure:23157: g++ -c -g -O2  conftest.cc >&5
configure:23163: $? = 0
configure:23167: test -z 
			 || test ! -s conftest.err
configure:23170: $? = 0
configure:23173: test -s conftest.o
configure:23176: $? = 0
configure:23188: result: yes
configure:23206: checking for X
configure:23311: g++ -E  conftest.cc
configure:23317: $? = 0
configure:23367: g++ -o conftest -g -O2   conftest.cc -lXt -lncurses  >&5
configure:23373: $? = 0
configure:23377: test -z 
			 || test ! -s conftest.err
configure:23380: $? = 0
configure:23383: test -s conftest
configure:23386: $? = 0
configure:23436: result: libraries , headers 
configure:23452: checking for pthread_create in -lpthread
configure:23482: g++ -o conftest -g -O2   conftest.cc -lpthread  -lncurses  >&5
configure:23488: $? = 0
configure:23492: test -z 
			 || test ! -s conftest.err
configure:23495: $? = 0
configure:23498: test -s conftest
configure:23501: $? = 0
configure:23514: result: yes
configure:23531: checking for pow in -lm
configure:23561: g++ -o conftest -g -O2   conftest.cc -lm  -lncurses  >&5
configure:23567: $? = 0
configure:23571: test -z 
			 || test ! -s conftest.err
configure:23574: $? = 0
configure:23577: test -s conftest
configure:23580: $? = 0
configure:23593: result: yes
configure:23611: checking for bindtextdomain
configure:23668: g++ -o conftest -g -O2   conftest.cc -lm -lncurses  >&5
configure:23674: $? = 0
configure:23678: test -z 
			 || test ! -s conftest.err
configure:23681: $? = 0
configure:23684: test -s conftest
configure:23687: $? = 0
configure:23699: result: yes
configure:23960: g++ -o conftest -g -O2   conftest.cc -lm -lncurses   -lX11 >&5
configure:23966: $? = 0
configure:23970: test -z 
			 || test ! -s conftest.err
configure:23973: $? = 0
configure:23976: test -s conftest
configure:23979: $? = 0
configure:24137: checking for gethostbyname
configure:24194: g++ -o conftest -g -O2   conftest.cc -lm -lncurses  >&5
configure:24200: $? = 0
configure:24204: test -z 
			 || test ! -s conftest.err
configure:24207: $? = 0
configure:24210: test -s conftest
configure:24213: $? = 0
configure:24225: result: yes
configure:24376: checking for connect
configure:24433: g++ -o conftest -g -O2   conftest.cc -lm -lncurses  >&5
configure:24439: $? = 0
configure:24443: test -z 
			 || test ! -s conftest.err
configure:24446: $? = 0
configure:24449: test -s conftest
configure:24452: $? = 0
configure:24464: result: yes
configure:24539: checking for remove
configure:24596: g++ -o conftest -g -O2   conftest.cc -lm -lncurses  >&5
configure:24602: $? = 0
configure:24606: test -z 
			 || test ! -s conftest.err
configure:24609: $? = 0
configure:24612: test -s conftest
configure:24615: $? = 0
configure:24627: result: yes
configure:24702: checking for shmat
configure:24759: g++ -o conftest -g -O2   conftest.cc -lm -lncurses  >&5
configure:24765: $? = 0
configure:24769: test -z 
			 || test ! -s conftest.err
configure:24772: $? = 0
configure:24775: test -s conftest
configure:24778: $? = 0
configure:24790: result: yes
configure:24874: checking for IceConnectionNumber in -lICE
configure:24904: g++ -o conftest -g -O2   conftest.cc -lICE  -lm -lncurses  >&5
configure:24910: $? = 0
configure:24914: test -z 
			 || test ! -s conftest.err
configure:24917: $? = 0
configure:24920: test -s conftest
configure:24923: $? = 0
configure:24936: result: yes
configure:24966: checking for special C compiler options needed for large files
configure:25065: result: no
configure:25071: checking for _FILE_OFFSET_BITS value needed for large files
configure:25102: g++ -c -Wall -ggdb -D_REENTRANT  conftest.cc >&5
configure:25108: $? = 0
configure:25112: test -z 
			 || test ! -s conftest.err
configure:25115: $? = 0
configure:25118: test -s conftest.o
configure:25121: $? = 0
configure:25186: result: no
configure:25196: checking for _LARGE_FILES value needed for large files
configure:25227: g++ -c -Wall -ggdb -D_REENTRANT  conftest.cc >&5
configure:25233: $? = 0
configure:25237: test -z 
			 || test ! -s conftest.err
configure:25240: $? = 0
configure:25243: test -s conftest.o
configure:25246: $? = 0
configure:25311: result: no
configure:25324: checking for off_t
configure:25378: result: yes
configure:25381: checking size of off_t
configure:25700: g++ -o conftest -Wall -ggdb -D_REENTRANT   conftest.cc -lm -lncurses  >&5
configure:25703: $? = 0
configure:25705: ./conftest
configure:25708: $? = 0
configure:25731: result: 8
configure:25863: creating ./config.status

## ---------------------- ##
## Running config.status. ##
## ---------------------- ##

This file was extended by proz config.status 2.0.4, which was
generated by GNU Autoconf 2.59.  Invocation command line was

  CONFIG_FILES    = 
  CONFIG_HEADERS  = 
  CONFIG_LINKS    = 
  CONFIG_COMMANDS = 
  $ ./config.status 

on asus

config.status:749: creating Makefile
config.status:749: creating src/Makefile
config.status:749: creating man/Makefile
config.status:749: creating intl/Makefile
config.status:749: creating po/Makefile.in
config.status:853: creating config.h
config.status:1089: config.h is unchanged
config.status:1269: executing depfiles commands
config.status:1269: executing default-1 commands
configure:27289: configuring in libprozilla
configure:27406: running /bin/sh './configure' --prefix=/usr/local  --cache-file=/dev/null --srcdir=.

## ---------------- ##
## Cache variables. ##
## ---------------- ##

ac_cv_build=x86_64-unknown-linux-gnu
ac_cv_build_alias=x86_64-unknown-linux-gnu
ac_cv_c_compiler_gnu=yes
ac_cv_c_const=yes
ac_cv_c_inline=inline
ac_cv_cxx_compiler_gnu=yes
ac_cv_env_CC_set=
ac_cv_env_CC_value=
ac_cv_env_CFLAGS_set=
ac_cv_env_CFLAGS_value=
ac_cv_env_CPPFLAGS_set=
ac_cv_env_CPPFLAGS_value=
ac_cv_env_CPP_set=
ac_cv_env_CPP_value=
ac_cv_env_CXXCPP_set=
ac_cv_env_CXXCPP_value=
ac_cv_env_CXXFLAGS_set=
ac_cv_env_CXXFLAGS_value=
ac_cv_env_CXX_set=
ac_cv_env_CXX_value=
ac_cv_env_F77_set=
ac_cv_env_F77_value=
ac_cv_env_FFLAGS_set=
ac_cv_env_FFLAGS_value=
ac_cv_env_LDFLAGS_set=
ac_cv_env_LDFLAGS_value=
ac_cv_env_build_alias_set=
ac_cv_env_build_alias_value=
ac_cv_env_host_alias_set=
ac_cv_env_host_alias_value=
ac_cv_env_target_alias_set=
ac_cv_env_target_alias_value=
ac_cv_exeext=
ac_cv_f77_compiler_gnu=yes
ac_cv_func___argz_count=yes
ac_cv_func___argz_next=yes
ac_cv_func___argz_stringify=yes
ac_cv_func_alloca_works=yes
ac_cv_func_bindtextdomain=yes
ac_cv_func_connect=yes
ac_cv_func_feof_unlocked=yes
ac_cv_func_fgets_unlocked=yes
ac_cv_func_getcwd=yes
ac_cv_func_getegid=yes
ac_cv_func_geteuid=yes
ac_cv_func_getgid=yes
ac_cv_func_gethostbyname=yes
ac_cv_func_getpagesize=yes
ac_cv_func_getuid=yes
ac_cv_func_mempcpy=yes
ac_cv_func_mmap_fixed_mapped=yes
ac_cv_func_munmap=yes
ac_cv_func_putenv=yes
ac_cv_func_remove=yes
ac_cv_func_setenv=yes
ac_cv_func_setlocale=yes
ac_cv_func_shmat=yes
ac_cv_func_stpcpy=yes
ac_cv_func_strcasecmp=yes
ac_cv_func_strchr=yes
ac_cv_func_strdup=yes
ac_cv_func_strncasecmp=yes
ac_cv_func_strtoul=yes
ac_cv_func_tsearch=yes
ac_cv_gnu_library_2_1=yes
ac_cv_have_x='have_x=yes 		ac_x_includes= ac_x_libraries='
ac_cv_header_argz_h=yes
ac_cv_header_curses_h=yes
ac_cv_header_dlfcn_h=yes
ac_cv_header_inttypes_h=yes
ac_cv_header_libintl_h=yes
ac_cv_header_limits_h=yes
ac_cv_header_locale_h=yes
ac_cv_header_malloc_h=yes
ac_cv_header_memory_h=yes
ac_cv_header_ncurses_h=yes
ac_cv_header_nl_types_h=yes
ac_cv_header_stdc=no
ac_cv_header_stddef_h=yes
ac_cv_header_stdint_h=yes
ac_cv_header_stdlib_h=yes
ac_cv_header_string_h=yes
ac_cv_header_strings_h=yes
ac_cv_header_sys_param_h=yes
ac_cv_header_sys_stat_h=yes
ac_cv_header_sys_time_h=yes
ac_cv_header_sys_types_h=yes
ac_cv_header_time=yes
ac_cv_header_unistd_h=yes
ac_cv_host=x86_64-unknown-linux-gnu
ac_cv_host_alias=x86_64-unknown-linux-gnu
ac_cv_lib_ICE_IceConnectionNumber=yes
ac_cv_lib_cposix_strerror=no
ac_cv_lib_m_pow=yes
ac_cv_lib_ncurses_initscr=yes
ac_cv_lib_pthread_pthread_create=yes
ac_cv_objext=o
ac_cv_path_GMSGFMT=/usr/bin/msgfmt
ac_cv_path_MSGFMT=/usr/bin/msgfmt
ac_cv_path_XGETTEXT=/usr/bin/xgettext
ac_cv_path_install='/usr/bin/install -c'
ac_cv_prog_AWK=gawk
ac_cv_prog_CPP='gcc -E'
ac_cv_prog_CXXCPP='g++ -E'
ac_cv_prog_UNAME=uname
ac_cv_prog_ac_ct_AR=ar
ac_cv_prog_ac_ct_CC=gcc
ac_cv_prog_ac_ct_CXX=g++
ac_cv_prog_ac_ct_F77=g77
ac_cv_prog_ac_ct_RANLIB=ranlib
ac_cv_prog_ac_ct_STRIP=strip
ac_cv_prog_cc_g=yes
ac_cv_prog_cc_stdc=
ac_cv_prog_cxx_g=yes
ac_cv_prog_egrep='grep -E'
ac_cv_prog_f77_g=yes
ac_cv_prog_make_make_set=yes
ac_cv_sizeof_off_t=8
ac_cv_struct_tm=time.h
ac_cv_sys_file_offset_bits=no
ac_cv_sys_large_files=no
ac_cv_sys_largefile_CC=no
ac_cv_type_off_t=yes
ac_cv_type_size_t=yes
ac_cv_type_socklen_t=yes
ac_cv_working_alloca_h=yes
am_cv_CC_dependencies_compiler_type=gcc3
am_cv_CXX_dependencies_compiler_type=gcc3
am_cv_func_iconv=yes
am_cv_langinfo_codeset=yes
am_cv_lib_iconv=no
am_cv_proto_iconv='extern size_t iconv (iconv_t cd, char * *inbuf, size_t *inbytesleft, char * *outbuf, size_t *outbytesleft);'
am_cv_proto_iconv_arg1=
am_cv_val_LC_MESSAGES=yes
gt_cv_func_gnugettext1_libc=no
gt_cv_func_gnugettext1_libintl=no
lt_cv_deplibs_check_method=pass_all
lt_cv_file_magic_cmd='$MAGIC_CMD'
lt_cv_file_magic_test_file=
lt_cv_ld_reload_flag=-r
lt_cv_objdir=.libs
lt_cv_path_LD=/usr/bin/ld
lt_cv_path_LDCXX='/usr/bin/ld -m elf_x86_64'
lt_cv_path_NM='/usr/bin/nm -B'
lt_cv_path_SED=/bin/sed
lt_cv_prog_compiler_c_o=yes
lt_cv_prog_compiler_c_o_CXX=yes
lt_cv_prog_compiler_c_o_F77=yes
lt_cv_prog_compiler_rtti_exceptions=no
lt_cv_prog_gnu_ld=yes
lt_cv_prog_gnu_ldcxx=yes
lt_cv_sys_global_symbol_pipe='sed -n -e '\''s/^.*[ 	]\([ABCDGIRSTW][ABCDGIRSTW]*\)[ 	][ 	]*\([_A-Za-z][_A-Za-z0-9]*\)$/\1 \2 \2/p'\'''
lt_cv_sys_global_symbol_to_c_name_address='sed -n -e '\''s/^: \([^ ]*\) $/  {\"\1\", (lt_ptr) 0},/p'\'' -e '\''s/^[BCDEGRST] \([^ ]*\) \([^ ]*\)$/  {"\2", (lt_ptr) \&\2},/p'\'''
lt_cv_sys_global_symbol_to_cdecl='sed -n -e '\''s/^. .* \(.*\)$/extern int \1;/p'\'''
lt_cv_sys_max_cmd_len=32768
lt_lt_cv_prog_compiler_c_o='"yes"'
lt_lt_cv_prog_compiler_c_o_CXX='"yes"'
lt_lt_cv_prog_compiler_c_o_F77='"yes"'
lt_lt_cv_sys_global_symbol_pipe='"sed -n -e '\''s/^.*[ 	]\\([ABCDGIRSTW][ABCDGIRSTW]*\\)[ 	][ 	]*\\([_A-Za-z][_A-Za-z0-9]*\\)\$/\\1 \\2 \\2/p'\''"'
lt_lt_cv_sys_global_symbol_to_c_name_address='"sed -n -e '\''s/^: \\([^ ]*\\) \$/  {\\\"\\1\\\", (lt_ptr) 0},/p'\'' -e '\''s/^[BCDEGRST] \\([^ ]*\\) \\([^ ]*\\)\$/  {\"\\2\", (lt_ptr) \\&\\2},/p'\''"'
lt_lt_cv_sys_global_symbol_to_cdecl='"sed -n -e '\''s/^. .* \\(.*\\)\$/extern int \\1;/p'\''"'
nls_cv_force_use_gnu_gettext=no
nls_cv_header_intl=
nls_cv_header_libgt=
nls_cv_use_gnu_gettext=yes

## ----------------- ##
## Output variables. ##
## ----------------- ##

ACLOCAL='${SHELL} /home/toto/Downloads/prozilla-2.0.4/missing --run aclocal-1.7'
ALLOCA=''
AMDEPBACKSLASH='\'
AMDEP_FALSE='#'
AMDEP_TRUE=''
AMTAR='${SHELL} /home/toto/Downloads/prozilla-2.0.4/missing --run tar'
AR='ar'
AUTOCONF='${SHELL} /home/toto/Downloads/prozilla-2.0.4/missing --run autoconf'
AUTOHEADER='${SHELL} /home/toto/Downloads/prozilla-2.0.4/missing --run autoheader'
AUTOMAKE='${SHELL} /home/toto/Downloads/prozilla-2.0.4/missing --run automake-1.7'
AWK='gawk'
BUILD_INCLUDED_LIBINTL='yes'
CATALOGS=' pt_BR.gmo nl.gmo ro.gmo it.gmo fr.gmo'
CATOBJEXT='.gmo'
CC='gcc'
CCDEPMODE='depmode=gcc3'
CEFLAGS=''
CFLAGS='-Wall -O2 -D_REENTRANT'
CPFLAGS=''
CPP='gcc -E'
CPPFLAGS=''
CXX='g++'
CXXCPP='g++ -E'
CXXDEPMODE='depmode=gcc3'
CXXFLAGS='-Wall -ggdb -D_REENTRANT'
CYGPATH_W='echo'
DATADIRNAME='share'
DEFS='-DHAVE_CONFIG_H'
DEPDIR='.deps'
ECHO='echo'
ECHO_C=''
ECHO_N='-n'
ECHO_T=''
EGREP='grep -E'
EXEEXT=''
F77='g77'
FFLAGS='-g -O2'
GENCAT='gencat'
GLIBC21='yes'
GMOFILES=' pt_BR.gmo nl.gmo ro.gmo it.gmo fr.gmo'
GMSGFMT='/usr/bin/msgfmt'
INSTALL_DATA='${INSTALL} -m 644'
INSTALL_PROGRAM='${INSTALL}'
INSTALL_SCRIPT='${INSTALL}'
INSTALL_STRIP_PROGRAM='${SHELL} $(install_sh) -c -s'
INSTOBJEXT='.mo'
INTLBISON=':'
INTLLIBS='$(top_builddir)/intl/libintl.a '
INTLOBJS='$(GETTOBJS)'
INTL_LIBTOOL_SUFFIX_PREFIX=''
LDEFLAGS=''
LDFLAGS=''
LIBICONV=''
LIBOBJS=''
LIBS='-lm -lncurses '
LIBTOOL='$(SHELL) $(top_builddir)/libtool'
LN_S='ln -s'
LTLIBOBJS=''
MAKEINFO='${SHELL} /home/toto/Downloads/prozilla-2.0.4/missing --run makeinfo'
MKINSTALLDIRS='./mkinstalldirs'
MSGFMT='/usr/bin/msgfmt'
OBJEXT='o'
PACKAGE='proz'
PACKAGE_BUGREPORT='prozilla@genesys.ro'
PACKAGE_NAME='proz'
PACKAGE_STRING='proz 2.0.4'
PACKAGE_TARNAME='proz'
PACKAGE_VERSION='2.0.4'
PATH_SEPARATOR=':'
POFILES=' pt_BR.po nl.po ro.po it.po fr.po'
POSUB='po'
RANLIB='ranlib'
SET_MAKE=''
SHELL='/bin/sh'
STRIP='strip'
THREAD_LIBS='-lpthread'
UNAME='uname'
USE_INCLUDED_LIBINTL='yes'
USE_NLS='yes'
VERSION='2.0.4'
XGETTEXT='/usr/bin/xgettext'
X_CFLAGS=''
X_EXTRA_LIBS=''
X_LIBS=''
X_PRE_LIBS=' -lSM -lICE'
ac_ct_AR='ar'
ac_ct_CC='gcc'
ac_ct_CXX='g++'
ac_ct_F77='g77'
ac_ct_RANLIB='ranlib'
ac_ct_STRIP='strip'
am__fastdepCC_FALSE='#'
am__fastdepCC_TRUE=''
am__fastdepCXX_FALSE='#'
am__fastdepCXX_TRUE=''
am__include='include'
am__leading_dot='.'
am__quote=''
bindir='${exec_prefix}/bin'
build='x86_64-unknown-linux-gnu'
build_alias=''
build_cpu='x86_64'
build_os='linux-gnu'
build_vendor='unknown'
datadir='${prefix}/share'
exec_prefix='${prefix}'
host='x86_64-unknown-linux-gnu'
host_alias=''
host_cpu='x86_64'
host_os='linux-gnu'
host_vendor='unknown'
includedir='${prefix}/include'
infodir='${prefix}/info'
install_sh='/home/toto/Downloads/prozilla-2.0.4/install-sh'
libdir='${exec_prefix}/lib'
libexecdir='${exec_prefix}/libexec'
localstatedir='${prefix}/var'
mandir='${prefix}/man'
oldincludedir='/usr/include'
prefix='/usr/local'
program_transform_name='s,x,x,'
sbindir='${exec_prefix}/sbin'
sharedstatedir='${prefix}/com'
subdirs=' libprozilla'
sysconfdir='${prefix}/etc'
target_alias=''

## ----------- ##
## confdefs.h. ##
## ----------- ##

#define ENABLE_NLS 1
#define HAVE_ALLOCA 1
#define HAVE_ALLOCA_H 1
#define HAVE_ARGZ_H 1
#define HAVE_CURSES
#define HAVE_CURSES_H 1
#define HAVE_DLFCN_H 1
#define HAVE_FEOF_UNLOCKED 1
#define HAVE_FGETS_UNLOCKED 1
#define HAVE_GETCWD 1
#define HAVE_GETEGID 1
#define HAVE_GETEUID 1
#define HAVE_GETGID 1
#define HAVE_GETPAGESIZE 1
#define HAVE_GETUID 1
#define HAVE_ICONV 1
#define HAVE_INTTYPES_H 1
#define HAVE_LANGINFO_CODESET 1
#define HAVE_LC_MESSAGES 1
#define HAVE_LIBM 1
#define HAVE_LIBNCURSES
#define HAVE_LIMITS_H 1
#define HAVE_LOCALE_H 1
#define HAVE_MALLOC_H 1
#define HAVE_MEMORY_H 1
#define HAVE_MEMPCPY 1
#define HAVE_MMAP 1
#define HAVE_MUNMAP 1
#define HAVE_NCURSES_H 1
#define HAVE_NL_TYPES_H 1
#define HAVE_PUTENV 1
#define HAVE_SETENV 1
#define HAVE_SETLOCALE 1
#define HAVE_STDDEF_H 1
#define HAVE_STDINT_H 1
#define HAVE_STDLIB_H 1
#define HAVE_STDLIB_H 1
#define HAVE_STDLIB_H 1
#define HAVE_STPCPY 1
#define HAVE_STRCASECMP 1
#define HAVE_STRCASECMP 1
#define HAVE_STRCHR 1
#define HAVE_STRDUP 1
#define HAVE_STRDUP 1
#define HAVE_STRINGS_H 1
#define HAVE_STRING_H 1
#define HAVE_STRING_H 1
#define HAVE_STRING_H 1
#define HAVE_STRNCASECMP 1
#define HAVE_STRTOUL 1
#define HAVE_SYS_PARAM_H 1
#define HAVE_SYS_STAT_H 1
#define HAVE_SYS_TIME_H 1
#define HAVE_SYS_TYPES_H 1
#define HAVE_SYS_TYPES_H 1
#define HAVE_TSEARCH 1
#define HAVE_UNISTD_H 1
#define HAVE_UNISTD_H 1
#define HAVE_UNISTD_H 1
#define HAVE_UNISTD_H 1
#define HAVE___ARGZ_COUNT 1
#define HAVE___ARGZ_NEXT 1
#define HAVE___ARGZ_STRINGIFY 1
#define ICONV_CONST 
#define PACKAGE "proz"
#define PACKAGE_BUGREPORT "prozilla@genesys.ro"
#define PACKAGE_NAME "proz"
#define PACKAGE_STRING "proz 2.0.4"
#define PACKAGE_TARNAME "proz"
#define PACKAGE_VERSION "2.0.4"
#define SIZEOF_OFF_T 8
#define TIME_WITH_SYS_TIME 1
#define VERSION "2.0.4"
#endif
#ifdef __cplusplus
extern "C" void exit (int) throw ();

configure: exit 0
