This file contains any messages produced by compilers while
running configure, to aid debugging if configure makes a mistake.

It was created by libprozilla configure 1.0.x-cvs, which was
generated by GNU Autoconf 2.59.  Invocation command line was

  $ ./configure --prefix=/usr/local --cache-file=/dev/null --srcdir=.

## --------- ##
## Platform. ##
## --------- ##

hostname = asus
uname -m = x86_64
uname -r = 2.6.32-358.el6.x86_64
uname -s = Linux
uname -v = #1 SMP Fri Feb 22 00:31:26 UTC 2013

/usr/bin/uname -p = unknown
/bin/uname -X     = unknown

/bin/arch              = x86_64
/usr/bin/arch -k       = unknown
/usr/convex/getsysinfo = unknown
hostinfo               = unknown
/bin/machine           = unknown
/usr/bin/oslevel       = unknown
/bin/universe          = unknown

PATH: /usr/local/bin
PATH: /usr/bin
PATH: /bin
PATH: /usr/local/sbin
PATH: /usr/sbin
PATH: /sbin
PATH: /data/ProgramFiles/Qt2010/qt/bin
PATH: /data/ProgramFiles/jdk1.6.0_22/bin
PATH: /data/ProgramFiles/seisun/bin
PATH: /apps/OpenWorks/ProMAX/sys/bin
PATH: /apps/OpenWorks/ProMAX/port/bin
PATH: /usr/local/bin/waviv
PATH: /home/toto/bin
PATH: /data/ProgramFiles/Qt2010/qt/bin
PATH: /data/ProgramFiles/jdk1.6.0_22/bin
PATH: /data/ProgramFiles/seisun/bin
PATH: /apps/OpenWorks/ProMAX/sys/bin
PATH: /apps/OpenWorks/ProMAX/port/bin
PATH: /usr/local/bin/waviv


## ----------- ##
## Core tests. ##
## ----------- ##

configure:1368: checking for a BSD-compatible install
configure:1423: result: /usr/bin/install -c
configure:1434: checking whether build environment is sane
configure:1477: result: yes
configure:1492: checking whether make sets $(MAKE)
configure:1512: result: yes
configure:1544: checking for working aclocal-1.4
configure:1555: result: missing
configure:1559: checking for working autoconf
configure:1566: result: found
configure:1574: checking for working automake-1.4
configure:1585: result: missing
configure:1589: checking for working autoheader
configure:1596: result: found
configure:1604: checking for working makeinfo
configure:1615: result: missing
configure:1632: checking build system type
configure:1650: result: x86_64-unknown-linux-gnu
configure:1658: checking host system type
configure:1672: result: x86_64-unknown-linux-gnu
configure:1740: checking for gcc
configure:1756: found /usr/bin/gcc
configure:1766: result: gcc
configure:2010: checking for C compiler version
configure:2013: gcc --version </dev/null >&5
gcc (GCC) 4.4.7 20120313 (Red Hat 4.4.7-3)
Copyright (C) 2010 Free Software Foundation, Inc.
This is free software; see the source for copying conditions.  There is NO
warranty; not even for MERCHANTABILITY or FITNESS FOR A PARTICULAR PURPOSE.

configure:2016: $? = 0
configure:2018: gcc -v </dev/null >&5
Using built-in specs.
Target: x86_64-redhat-linux
Configured with: ../configure --prefix=/usr --mandir=/usr/share/man --infodir=/usr/share/info --with-bugurl=http://bugzilla.redhat.com/bugzilla --enable-bootstrap --enable-shared --enable-threads=posix --enable-checking=release --with-system-zlib --enable-__cxa_atexit --disable-libunwind-exceptions --enable-gnu-unique-object --enable-languages=c,c++,objc,obj-c++,java,fortran,ada --enable-java-awt=gtk --disable-dssi --with-java-home=/usr/lib/jvm/java-1.5.0-gcj-1.5.0.0/jre --enable-libgcj-multifile --enable-java-maintainer-mode --with-ecj-jar=/usr/share/java/eclipse-ecj.jar --disable-libjava-multilib --with-ppl --with-cloog --with-tune=generic --with-arch_32=i686 --build=x86_64-redhat-linux
Thread model: posix
gcc version 4.4.7 20120313 (Red Hat 4.4.7-3) (GCC) 
configure:2021: $? = 0
configure:2023: gcc -V </dev/null >&5
gcc: '-V' option must have argument
configure:2026: $? = 1
configure:2049: checking for C compiler default output file name
configure:2052: gcc    conftest.c  >&5
configure:2055: $? = 0
configure:2101: result: a.out
configure:2106: checking whether the C compiler works
configure:2112: ./a.out
configure:2115: $? = 0
configure:2132: result: yes
configure:2139: checking whether we are cross compiling
configure:2141: result: no
configure:2144: checking for suffix of executables
configure:2146: gcc -o conftest    conftest.c  >&5
configure:2149: $? = 0
configure:2174: result: 
configure:2180: checking for suffix of object files
configure:2201: gcc -c   conftest.c >&5
configure:2204: $? = 0
configure:2226: result: o
configure:2230: checking whether we are using the GNU C compiler
configure:2254: gcc -c   conftest.c >&5
configure:2260: $? = 0
configure:2264: test -z 
			 || test ! -s conftest.err
configure:2267: $? = 0
configure:2270: test -s conftest.o
configure:2273: $? = 0
configure:2286: result: yes
configure:2292: checking whether gcc accepts -g
configure:2313: gcc -c -g  conftest.c >&5
configure:2319: $? = 0
configure:2323: test -z 
			 || test ! -s conftest.err
configure:2326: $? = 0
configure:2329: test -s conftest.o
configure:2332: $? = 0
configure:2343: result: yes
configure:2360: checking for gcc option to accept ANSI C
configure:2430: gcc  -c -g -O2  conftest.c >&5
configure:2436: $? = 0
configure:2440: test -z 
			 || test ! -s conftest.err
configure:2443: $? = 0
configure:2446: test -s conftest.o
configure:2449: $? = 0
configure:2467: result: none needed
configure:2485: gcc -c -g -O2  conftest.c >&5
conftest.c:2: error: expected '=', ',', ';', 'asm' or '__attribute__' before 'me'
configure:2491: $? = 1
configure: failed program was:
| #ifndef __cplusplus
|   choke me
| #endif
configure:2631: checking how to run the C preprocessor
configure:2666: gcc -E  conftest.c
configure:2672: $? = 0
configure:2704: gcc -E  conftest.c
conftest.c:12:28: error: ac_nonexistent.h: No such file or directory
configure:2710: $? = 1
configure: failed program was:
| /* confdefs.h.  */
| 
| #define PACKAGE_NAME "libprozilla"
| #define PACKAGE_TARNAME "libprozilla"
| #define PACKAGE_VERSION "1.0.x-cvs"
| #define PACKAGE_STRING "libprozilla 1.0.x-cvs"
| #define PACKAGE_BUGREPORT "prozilla@genesys.ro"
| #define PACKAGE ""
| #define VERSION ""
| #define _GNU_SOURCE 1
| /* end confdefs.h.  */
| #include <ac_nonexistent.h>
configure:2749: result: gcc -E
configure:2773: gcc -E  conftest.c
configure:2779: $? = 0
configure:2811: gcc -E  conftest.c
conftest.c:12:28: error: ac_nonexistent.h: No such file or directory
configure:2817: $? = 1
configure: failed program was:
| /* confdefs.h.  */
| 
| #define PACKAGE_NAME "libprozilla"
| #define PACKAGE_TARNAME "libprozilla"
| #define PACKAGE_VERSION "1.0.x-cvs"
| #define PACKAGE_STRING "libprozilla 1.0.x-cvs"
| #define PACKAGE_BUGREPORT "prozilla@genesys.ro"
| #define PACKAGE ""
| #define VERSION ""
| #define _GNU_SOURCE 1
| /* end confdefs.h.  */
| #include <ac_nonexistent.h>
configure:2861: checking for egrep
configure:2871: result: grep -E
configure:2877: checking for AIX
configure:2899: result: no
configure:2906: checking for strerror in -lcposix
configure:2936: gcc -o conftest -g -O2   conftest.c -lcposix   >&5
/usr/bin/ld: cannot find -lcposix
collect2: ld returned 1 exit status
configure:2942: $? = 1
configure: failed program was:
| /* confdefs.h.  */
| 
| #define PACKAGE_NAME "libprozilla"
| #define PACKAGE_TARNAME "libprozilla"
| #define PACKAGE_VERSION "1.0.x-cvs"
| #define PACKAGE_STRING "libprozilla 1.0.x-cvs"
| #define PACKAGE_BUGREPORT "prozilla@genesys.ro"
| #define PACKAGE ""
| #define VERSION ""
| #define _GNU_SOURCE 1
| /* end confdefs.h.  */
| 
| /* Override any gcc2 internal prototype to avoid an error.  */
| #ifdef __cplusplus
| extern "C"
| #endif
| /* We use char because int might match the return type of a gcc2
|    builtin and then its argument prototype would still apply.  */
| char strerror ();
| int
| main ()
| {
| strerror ();
|   ;
|   return 0;
| }
configure:2968: result: no
configure:2976: checking for ANSI C header files
configure:3001: gcc -c -g -O2  conftest.c >&5
configure:3007: $? = 0
configure:3011: test -z 
			 || test ! -s conftest.err
configure:3014: $? = 0
configure:3017: test -s conftest.o
configure:3020: $? = 0
configure:3109: gcc -o conftest -g -O2   conftest.c  >&5
conftest.c: In function 'main':
conftest.c:29: warning: incompatible implicit declaration of built-in function 'exit'
configure:3112: $? = 0
configure:3114: ./conftest
configure:3117: $? = 0
configure:3132: result: yes
configure:3156: checking for sys/types.h
configure:3172: gcc -c -g -O2  conftest.c >&5
configure:3178: $? = 0
configure:3182: test -z 
			 || test ! -s conftest.err
configure:3185: $? = 0
configure:3188: test -s conftest.o
configure:3191: $? = 0
configure:3202: result: yes
configure:3156: checking for sys/stat.h
configure:3172: gcc -c -g -O2  conftest.c >&5
configure:3178: $? = 0
configure:3182: test -z 
			 || test ! -s conftest.err
configure:3185: $? = 0
configure:3188: test -s conftest.o
configure:3191: $? = 0
configure:3202: result: yes
configure:3156: checking for stdlib.h
configure:3172: gcc -c -g -O2  conftest.c >&5
configure:3178: $? = 0
configure:3182: test -z 
			 || test ! -s conftest.err
configure:3185: $? = 0
configure:3188: test -s conftest.o
configure:3191: $? = 0
configure:3202: result: yes
configure:3156: checking for string.h
configure:3172: gcc -c -g -O2  conftest.c >&5
configure:3178: $? = 0
configure:3182: test -z 
			 || test ! -s conftest.err
configure:3185: $? = 0
configure:3188: test -s conftest.o
configure:3191: $? = 0
configure:3202: result: yes
configure:3156: checking for memory.h
configure:3172: gcc -c -g -O2  conftest.c >&5
configure:3178: $? = 0
configure:3182: test -z 
			 || test ! -s conftest.err
configure:3185: $? = 0
configure:3188: test -s conftest.o
configure:3191: $? = 0
configure:3202: result: yes
configure:3156: checking for strings.h
configure:3172: gcc -c -g -O2  conftest.c >&5
configure:3178: $? = 0
configure:3182: test -z 
			 || test ! -s conftest.err
configure:3185: $? = 0
configure:3188: test -s conftest.o
configure:3191: $? = 0
configure:3202: result: yes
configure:3156: checking for inttypes.h
configure:3172: gcc -c -g -O2  conftest.c >&5
configure:3178: $? = 0
configure:3182: test -z 
			 || test ! -s conftest.err
configure:3185: $? = 0
configure:3188: test -s conftest.o
configure:3191: $? = 0
configure:3202: result: yes
configure:3156: checking for stdint.h
configure:3172: gcc -c -g -O2  conftest.c >&5
configure:3178: $? = 0
configure:3182: test -z 
			 || test ! -s conftest.err
configure:3185: $? = 0
configure:3188: test -s conftest.o
configure:3191: $? = 0
configure:3202: result: yes
configure:3156: checking for unistd.h
configure:3172: gcc -c -g -O2  conftest.c >&5
configure:3178: $? = 0
configure:3182: test -z 
			 || test ! -s conftest.err
configure:3185: $? = 0
configure:3188: test -s conftest.o
configure:3191: $? = 0
configure:3202: result: yes
configure:3224: checking minix/config.h usability
configure:3236: gcc -c -g -O2  conftest.c >&5
conftest.c:56:26: error: minix/config.h: No such file or directory
configure:3242: $? = 1
configure: failed program was:
| /* confdefs.h.  */
| 
| #define PACKAGE_NAME "libprozilla"
| #define PACKAGE_TARNAME "libprozilla"
| #define PACKAGE_VERSION "1.0.x-cvs"
| #define PACKAGE_STRING "libprozilla 1.0.x-cvs"
| #define PACKAGE_BUGREPORT "prozilla@genesys.ro"
| #define PACKAGE ""
| #define VERSION ""
| #define _GNU_SOURCE 1
| #define STDC_HEADERS 1
| #define HAVE_SYS_TYPES_H 1
| #define HAVE_SYS_STAT_H 1
| #define HAVE_STDLIB_H 1
| #define HAVE_STRING_H 1
| #define HAVE_MEMORY_H 1
| #define HAVE_STRINGS_H 1
| #define HAVE_INTTYPES_H 1
| #define HAVE_STDINT_H 1
| #define HAVE_UNISTD_H 1
| /* end confdefs.h.  */
| #include <stdio.h>
| #if HAVE_SYS_TYPES_H
| # include <sys/types.h>
| #endif
| #if HAVE_SYS_STAT_H
| # include <sys/stat.h>
| #endif
| #if STDC_HEADERS
| # include <stdlib.h>
| # include <stddef.h>
| #else
| # if HAVE_STDLIB_H
| #  include <stdlib.h>
| # endif
| #endif
| #if HAVE_STRING_H
| # if !STDC_HEADERS && HAVE_MEMORY_H
| #  include <memory.h>
| # endif
| # include <string.h>
| #endif
| #if HAVE_STRINGS_H
| # include <strings.h>
| #endif
| #if HAVE_INTTYPES_H
| # include <inttypes.h>
| #else
| # if HAVE_STDINT_H
| #  include <stdint.h>
| # endif
| #endif
| #if HAVE_UNISTD_H
| # include <unistd.h>
| #endif
| #include <minix/config.h>
configure:3265: result: no
configure:3269: checking minix/config.h presence
configure:3279: gcc -E  conftest.c
conftest.c:22:26: error: minix/config.h: No such file or directory
configure:3285: $? = 1
configure: failed program was:
| /* confdefs.h.  */
| 
| #define PACKAGE_NAME "libprozilla"
| #define PACKAGE_TARNAME "libprozilla"
| #define PACKAGE_VERSION "1.0.x-cvs"
| #define PACKAGE_STRING "libprozilla 1.0.x-cvs"
| #define PACKAGE_BUGREPORT "prozilla@genesys.ro"
| #define PACKAGE ""
| #define VERSION ""
| #define _GNU_SOURCE 1
| #define STDC_HEADERS 1
| #define HAVE_SYS_TYPES_H 1
| #define HAVE_SYS_STAT_H 1
| #define HAVE_STDLIB_H 1
| #define HAVE_STRING_H 1
| #define HAVE_MEMORY_H 1
| #define HAVE_STRINGS_H 1
| #define HAVE_INTTYPES_H 1
| #define HAVE_STDINT_H 1
| #define HAVE_UNISTD_H 1
| /* end confdefs.h.  */
| #include <minix/config.h>
configure:3305: result: no
configure:3340: checking for minix/config.h
configure:3347: result: no
configure:3380: checking for gcc option to accept ANSI C
configure:3442: gcc  -c -g -O2  conftest.c >&5
configure:3448: $? = 0
configure:3452: test -z 
			 || test ! -s conftest.err
configure:3455: $? = 0
configure:3458: test -s conftest.o
configure:3461: $? = 0
configure:3476: result: none needed
configure:3500: checking for a BSD-compatible install
configure:3555: result: /usr/bin/install -c
configure:3611: checking for which type of gethostbyname_r
configure:3617: checking for gethostbyname_r
configure:3674: gcc -o conftest -g -O2   conftest.c  >&5
configure:3680: $? = 0
configure:3684: test -z 
			 || test ! -s conftest.err
configure:3687: $? = 0
configure:3690: test -s conftest
configure:3693: $? = 0
configure:3705: result: yes
configure:3734: gcc -c -g -O2  conftest.c >&5
conftest.c: In function 'main':
conftest.c:32: error: storage size of 'data' isn't known
conftest.c:33: error: too few arguments to function 'gethostbyname_r'
configure:3740: $? = 1
configure: failed program was:
| /* confdefs.h.  */
| 
| #define PACKAGE_NAME "libprozilla"
| #define PACKAGE_TARNAME "libprozilla"
| #define PACKAGE_VERSION "1.0.x-cvs"
| #define PACKAGE_STRING "libprozilla 1.0.x-cvs"
| #define PACKAGE_BUGREPORT "prozilla@genesys.ro"
| #define PACKAGE ""
| #define VERSION ""
| #define _GNU_SOURCE 1
| #define STDC_HEADERS 1
| #define HAVE_SYS_TYPES_H 1
| #define HAVE_SYS_STAT_H 1
| #define HAVE_STDLIB_H 1
| #define HAVE_STRING_H 1
| #define HAVE_MEMORY_H 1
| #define HAVE_STRINGS_H 1
| #define HAVE_INTTYPES_H 1
| #define HAVE_STDINT_H 1
| #define HAVE_UNISTD_H 1
| /* end confdefs.h.  */
| 
| #               include <netdb.h>
| 
| int
| main ()
| {
| 
| 
|         char *name;
|         struct hostent *he;
|         struct hostent_data data;
|         (void) gethostbyname_r(name, he, &data);
| 
| 
|   ;
|   return 0;
| }
configure:3786: gcc -c -g -O2  conftest.c >&5
configure:3792: $? = 0
configure:3796: test -z 
			 || test ! -s conftest.err
configure:3799: $? = 0
configure:3802: test -s conftest.o
configure:3805: $? = 0
configure:3883: result: six
configure:3969: checking for ranlib
configure:3985: found /usr/bin/ranlib
configure:3996: result: ranlib
configure:4019: checking for ld used by GCC
configure:4076: result: /usr/bin/ld
configure:4085: checking if the linker (/usr/bin/ld) is GNU ld
GNU ld version 2.20.51.0.2-5.36.el6 20100205
configure:4097: result: yes
configure:4101: checking for BSD-compatible nm
configure:4135: result: /usr/bin/nm -B
configure:4138: checking whether ln -s works
configure:4142: result: yes
ltconfig:603: checking for object suffix
ltconfig:604: gcc -c -g -O2  conftest.c 1>&5
ltconfig:629: checking for executable suffix
ltconfig:630: gcc -o conftest -g -O2   conftest.c  1>&5
ltconfig:776: checking if gcc PIC flag -fPIC works
ltconfig:777: gcc -c -g -O2 -fPIC -DPIC  conftest.c 1>&5
ltconfig:829: checking if gcc supports -c -o file.o
ltconfig:830: gcc -c -g -O2 -o out/conftest2.o  conftest.c 1>&5
ltconfig:862: checking if gcc supports -c -o file.lo
ltconfig:863: gcc -c -g -O2 -c -o conftest.lo  conftest.c 1>&5
ltconfig:914: checking if gcc supports -fno-rtti -fno-exceptions
ltconfig:915: gcc -c -g -O2 -fno-rtti -fno-exceptions -c conftest.c  conftest.c 1>&5
ltconfig:958: checking if gcc static flag -static works
ltconfig:959: gcc -o conftest -g -O2   -static conftest.c  1>&5
/usr/bin/ld: cannot find -lc
collect2: ld returned 1 exit status
GNU ld version 2.20.51.0.2-5.36.el6 20100205
ltconfig:1653: checking if global_symbol_pipe works
ltconfig:1654: gcc -c -g -O2  conftest.c 1>&5
ltconfig:1657: eval "/usr/bin/nm -B conftest.o | sed -n -e 's/^.*[ 	]\([ABCDGISTW]\)[ 	][ 	]*\(\)\([_A-Za-z][_A-Za-z0-9]*\)$/\1 \2\3 \3/p' > conftest.nm"
ltconfig:1709: gcc -o conftest -g -O2 -fno-builtin   conftest.c conftstm.o 1>&5
configure:4369: checking for an ANSI C-conforming const
configure:4436: gcc -c -g -O2  conftest.c >&5
configure:4442: $? = 0
configure:4446: test -z 
			 || test ! -s conftest.err
configure:4449: $? = 0
configure:4452: test -s conftest.o
configure:4455: $? = 0
configure:4466: result: yes
configure:4476: checking for inline
configure:4497: gcc -c -g -O2  conftest.c >&5
configure:4503: $? = 0
configure:4507: test -z 
			 || test ! -s conftest.err
configure:4510: $? = 0
configure:4513: test -s conftest.o
configure:4516: $? = 0
configure:4528: result: inline
configure:4547: checking for off_t
configure:4571: gcc -c -g -O2  conftest.c >&5
configure:4577: $? = 0
configure:4581: test -z 
			 || test ! -s conftest.err
configure:4584: $? = 0
configure:4587: test -s conftest.o
configure:4590: $? = 0
configure:4601: result: yes
configure:4613: checking for size_t
configure:4637: gcc -c -g -O2  conftest.c >&5
configure:4643: $? = 0
configure:4647: test -z 
			 || test ! -s conftest.err
configure:4650: $? = 0
configure:4653: test -s conftest.o
configure:4656: $? = 0
configure:4667: result: yes
configure:4681: checking for working alloca.h
configure:4702: gcc -o conftest -g -O2   conftest.c  >&5
configure:4708: $? = 0
configure:4712: test -z 
			 || test ! -s conftest.err
configure:4715: $? = 0
configure:4718: test -s conftest
configure:4721: $? = 0
configure:4733: result: yes
configure:4743: checking for alloca
configure:4784: gcc -o conftest -g -O2   conftest.c  >&5
configure:4790: $? = 0
configure:4794: test -z 
			 || test ! -s conftest.err
configure:4797: $? = 0
configure:4800: test -s conftest
configure:4803: $? = 0
configure:4815: result: yes
configure:5044: checking for stdlib.h
configure:5049: result: yes
configure:5044: checking for unistd.h
configure:5049: result: yes
configure:5193: checking for getpagesize
configure:5250: gcc -o conftest -g -O2   conftest.c  >&5
configure:5256: $? = 0
configure:5260: test -z 
			 || test ! -s conftest.err
configure:5263: $? = 0
configure:5266: test -s conftest
configure:5269: $? = 0
configure:5281: result: yes
configure:5291: checking for working mmap
configure:5433: gcc -o conftest -g -O2   conftest.c  >&5
configure:5436: $? = 0
configure:5438: ./conftest
configure:5441: $? = 0
configure:5455: result: yes
configure:5467: checking whether we are using the GNU C Library 2.1 or newer
configure:5498: result: yes
configure:5529: checking argz.h usability
configure:5541: gcc -c -g -O2  conftest.c >&5
configure:5547: $? = 0
configure:5551: test -z 
			 || test ! -s conftest.err
configure:5554: $? = 0
configure:5557: test -s conftest.o
configure:5560: $? = 0
configure:5570: result: yes
configure:5574: checking argz.h presence
configure:5584: gcc -E  conftest.c
configure:5590: $? = 0
configure:5610: result: yes
configure:5645: checking for argz.h
configure:5652: result: yes
configure:5529: checking limits.h usability
configure:5541: gcc -c -g -O2  conftest.c >&5
configure:5547: $? = 0
configure:5551: test -z 
			 || test ! -s conftest.err
configure:5554: $? = 0
configure:5557: test -s conftest.o
configure:5560: $? = 0
configure:5570: result: yes
configure:5574: checking limits.h presence
configure:5584: gcc -E  conftest.c
configure:5590: $? = 0
configure:5610: result: yes
configure:5645: checking for limits.h
configure:5652: result: yes
configure:5529: checking locale.h usability
configure:5541: gcc -c -g -O2  conftest.c >&5
configure:5547: $? = 0
configure:5551: test -z 
			 || test ! -s conftest.err
configure:5554: $? = 0
configure:5557: test -s conftest.o
configure:5560: $? = 0
configure:5570: result: yes
configure:5574: checking locale.h presence
configure:5584: gcc -E  conftest.c
configure:5590: $? = 0
configure:5610: result: yes
configure:5645: checking for locale.h
configure:5652: result: yes
configure:5529: checking nl_types.h usability
configure:5541: gcc -c -g -O2  conftest.c >&5
configure:5547: $? = 0
configure:5551: test -z 
			 || test ! -s conftest.err
configure:5554: $? = 0
configure:5557: test -s conftest.o
configure:5560: $? = 0
configure:5570: result: yes
configure:5574: checking nl_types.h presence
configure:5584: gcc -E  conftest.c
configure:5590: $? = 0
configure:5610: result: yes
configure:5645: checking for nl_types.h
configure:5652: result: yes
configure:5529: checking malloc.h usability
configure:5541: gcc -c -g -O2  conftest.c >&5
configure:5547: $? = 0
configure:5551: test -z 
			 || test ! -s conftest.err
configure:5554: $? = 0
configure:5557: test -s conftest.o
configure:5560: $? = 0
configure:5570: result: yes
configure:5574: checking malloc.h presence
configure:5584: gcc -E  conftest.c
configure:5590: $? = 0
configure:5610: result: yes
configure:5645: checking for malloc.h
configure:5652: result: yes
configure:5529: checking stddef.h usability
configure:5541: gcc -c -g -O2  conftest.c >&5
configure:5547: $? = 0
configure:5551: test -z 
			 || test ! -s conftest.err
configure:5554: $? = 0
configure:5557: test -s conftest.o
configure:5560: $? = 0
configure:5570: result: yes
configure:5574: checking stddef.h presence
configure:5584: gcc -E  conftest.c
configure:5590: $? = 0
configure:5610: result: yes
configure:5645: checking for stddef.h
configure:5652: result: yes
configure:5520: checking for stdlib.h
configure:5525: result: yes
configure:5520: checking for string.h
configure:5525: result: yes
configure:5520: checking for unistd.h
configure:5525: result: yes
configure:5529: checking sys/param.h usability
configure:5541: gcc -c -g -O2  conftest.c >&5
configure:5547: $? = 0
configure:5551: test -z 
			 || test ! -s conftest.err
configure:5554: $? = 0
configure:5557: test -s conftest.o
configure:5560: $? = 0
configure:5570: result: yes
configure:5574: checking sys/param.h presence
configure:5584: gcc -E  conftest.c
configure:5590: $? = 0
configure:5610: result: yes
configure:5645: checking for sys/param.h
configure:5652: result: yes
configure:5691: checking for feof_unlocked
configure:5748: gcc -o conftest -g -O2   conftest.c  >&5
configure:5754: $? = 0
configure:5758: test -z 
			 || test ! -s conftest.err
configure:5761: $? = 0
configure:5764: test -s conftest
configure:5767: $? = 0
configure:5779: result: yes
configure:5691: checking for fgets_unlocked
configure:5748: gcc -o conftest -g -O2   conftest.c  >&5
configure:5754: $? = 0
configure:5758: test -z 
			 || test ! -s conftest.err
configure:5761: $? = 0
configure:5764: test -s conftest
configure:5767: $? = 0
configure:5779: result: yes
configure:5691: checking for getcwd
configure:5748: gcc -o conftest -g -O2   conftest.c  >&5
configure:5754: $? = 0
configure:5758: test -z 
			 || test ! -s conftest.err
configure:5761: $? = 0
configure:5764: test -s conftest
configure:5767: $? = 0
configure:5779: result: yes
configure:5691: checking for getegid
configure:5748: gcc -o conftest -g -O2   conftest.c  >&5
configure:5754: $? = 0
configure:5758: test -z 
			 || test ! -s conftest.err
configure:5761: $? = 0
configure:5764: test -s conftest
configure:5767: $? = 0
configure:5779: result: yes
configure:5691: checking for geteuid
configure:5748: gcc -o conftest -g -O2   conftest.c  >&5
configure:5754: $? = 0
configure:5758: test -z 
			 || test ! -s conftest.err
configure:5761: $? = 0
configure:5764: test -s conftest
configure:5767: $? = 0
configure:5779: result: yes
configure:5691: checking for getgid
configure:5748: gcc -o conftest -g -O2   conftest.c  >&5
configure:5754: $? = 0
configure:5758: test -z 
			 || test ! -s conftest.err
configure:5761: $? = 0
configure:5764: test -s conftest
configure:5767: $? = 0
configure:5779: result: yes
configure:5691: checking for getuid
configure:5748: gcc -o conftest -g -O2   conftest.c  >&5
configure:5754: $? = 0
configure:5758: test -z 
			 || test ! -s conftest.err
configure:5761: $? = 0
configure:5764: test -s conftest
configure:5767: $? = 0
configure:5779: result: yes
configure:5691: checking for mempcpy
configure:5748: gcc -o conftest -g -O2   conftest.c  >&5
conftest.c:70: warning: conflicting types for built-in function 'mempcpy'
configure:5754: $? = 0
configure:5758: test -z 
			 || test ! -s conftest.err
configure:5761: $? = 0
configure:5764: test -s conftest
configure:5767: $? = 0
configure:5779: result: yes
configure:5691: checking for munmap
configure:5748: gcc -o conftest -g -O2   conftest.c  >&5
configure:5754: $? = 0
configure:5758: test -z 
			 || test ! -s conftest.err
configure:5761: $? = 0
configure:5764: test -s conftest
configure:5767: $? = 0
configure:5779: result: yes
configure:5691: checking for putenv
configure:5748: gcc -o conftest -g -O2   conftest.c  >&5
configure:5754: $? = 0
configure:5758: test -z 
			 || test ! -s conftest.err
configure:5761: $? = 0
configure:5764: test -s conftest
configure:5767: $? = 0
configure:5779: result: yes
configure:5691: checking for setenv
configure:5748: gcc -o conftest -g -O2   conftest.c  >&5
configure:5754: $? = 0
configure:5758: test -z 
			 || test ! -s conftest.err
configure:5761: $? = 0
configure:5764: test -s conftest
configure:5767: $? = 0
configure:5779: result: yes
configure:5691: checking for setlocale
configure:5748: gcc -o conftest -g -O2   conftest.c  >&5
configure:5754: $? = 0
configure:5758: test -z 
			 || test ! -s conftest.err
configure:5761: $? = 0
configure:5764: test -s conftest
configure:5767: $? = 0
configure:5779: result: yes
configure:5691: checking for stpcpy
configure:5748: gcc -o conftest -g -O2   conftest.c  >&5
conftest.c:75: warning: conflicting types for built-in function 'stpcpy'
configure:5754: $? = 0
configure:5758: test -z 
			 || test ! -s conftest.err
configure:5761: $? = 0
configure:5764: test -s conftest
configure:5767: $? = 0
configure:5779: result: yes
configure:5691: checking for strchr
configure:5748: gcc -o conftest -g -O2   conftest.c  >&5
conftest.c:76: warning: conflicting types for built-in function 'strchr'
configure:5754: $? = 0
configure:5758: test -z 
			 || test ! -s conftest.err
configure:5761: $? = 0
configure:5764: test -s conftest
configure:5767: $? = 0
configure:5779: result: yes
configure:5691: checking for strcasecmp
configure:5748: gcc -o conftest -g -O2   conftest.c  >&5
conftest.c:77: warning: conflicting types for built-in function 'strcasecmp'
configure:5754: $? = 0
configure:5758: test -z 
			 || test ! -s conftest.err
configure:5761: $? = 0
configure:5764: test -s conftest
configure:5767: $? = 0
configure:5779: result: yes
configure:5691: checking for strdup
configure:5748: gcc -o conftest -g -O2   conftest.c  >&5
conftest.c:78: warning: conflicting types for built-in function 'strdup'
configure:5754: $? = 0
configure:5758: test -z 
			 || test ! -s conftest.err
configure:5761: $? = 0
configure:5764: test -s conftest
configure:5767: $? = 0
configure:5779: result: yes
configure:5691: checking for strtoul
configure:5748: gcc -o conftest -g -O2   conftest.c  >&5
configure:5754: $? = 0
configure:5758: test -z 
			 || test ! -s conftest.err
configure:5761: $? = 0
configure:5764: test -s conftest
configure:5767: $? = 0
configure:5779: result: yes
configure:5691: checking for tsearch
configure:5748: gcc -o conftest -g -O2   conftest.c  >&5
configure:5754: $? = 0
configure:5758: test -z 
			 || test ! -s conftest.err
configure:5761: $? = 0
configure:5764: test -s conftest
configure:5767: $? = 0
configure:5779: result: yes
configure:5691: checking for __argz_count
configure:5748: gcc -o conftest -g -O2   conftest.c  >&5
configure:5754: $? = 0
configure:5758: test -z 
			 || test ! -s conftest.err
configure:5761: $? = 0
configure:5764: test -s conftest
configure:5767: $? = 0
configure:5779: result: yes
configure:5691: checking for __argz_stringify
configure:5748: gcc -o conftest -g -O2   conftest.c  >&5
configure:5754: $? = 0
configure:5758: test -z 
			 || test ! -s conftest.err
configure:5761: $? = 0
configure:5764: test -s conftest
configure:5767: $? = 0
configure:5779: result: yes
configure:5691: checking for __argz_next
configure:5748: gcc -o conftest -g -O2   conftest.c  >&5
configure:5754: $? = 0
configure:5758: test -z 
			 || test ! -s conftest.err
configure:5761: $? = 0
configure:5764: test -s conftest
configure:5767: $? = 0
configure:5779: result: yes
configure:5804: checking for iconv
configure:5831: gcc -o conftest -g -O2   conftest.c  >&5
configure:5837: $? = 0
configure:5841: test -z 
			 || test ! -s conftest.err
configure:5844: $? = 0
configure:5847: test -s conftest
configure:5850: $? = 0
configure:5916: result: yes
configure:5924: checking for iconv declaration
configure:5958: gcc -c -g -O2  conftest.c >&5
configure:5964: $? = 0
configure:5968: test -z 
			 || test ! -s conftest.err
configure:5971: $? = 0
configure:5974: test -s conftest.o
configure:5977: $? = 0
configure:5992: result: 
         extern size_t iconv (iconv_t cd, char * *inbuf, size_t *inbytesleft, char * *outbuf, size_t *outbytesleft);
configure:6008: checking for nl_langinfo and CODESET
configure:6029: gcc -o conftest -g -O2   conftest.c  >&5
configure:6035: $? = 0
configure:6039: test -z 
			 || test ! -s conftest.err
configure:6042: $? = 0
configure:6045: test -s conftest
configure:6048: $? = 0
configure:6061: result: yes
configure:6072: checking for LC_MESSAGES
configure:6093: gcc -o conftest -g -O2   conftest.c  >&5
configure:6099: $? = 0
configure:6103: test -z 
			 || test ! -s conftest.err
configure:6106: $? = 0
configure:6109: test -s conftest
configure:6112: $? = 0
configure:6124: result: yes
configure:6134: checking whether NLS is requested
configure:6143: result: yes
configure:6157: checking whether included gettext is requested
configure:6167: result: no
configure:6187: checking libintl.h usability
configure:6199: gcc -c -g -O2  conftest.c >&5
configure:6205: $? = 0
configure:6209: test -z 
			 || test ! -s conftest.err
configure:6212: $? = 0
configure:6215: test -s conftest.o
configure:6218: $? = 0
configure:6228: result: yes
configure:6232: checking libintl.h presence
configure:6242: gcc -E  conftest.c
configure:6248: $? = 0
configure:6268: result: yes
configure:6303: checking for libintl.h
configure:6310: result: yes
configure:6315: checking for GNU gettext in libc
configure:6338: gcc -o conftest -g -O2   conftest.c  >&5
conftest.c: In function 'main':
conftest.c:71: warning: cast from pointer to integer of different size
configure:6344: $? = 0
configure:6348: test -z 
			 || test ! -s conftest.err
configure:6351: $? = 0
configure:6354: test -s conftest
configure:6357: $? = 0
configure:6369: result: yes
configure:6453: checking for dcgettext
configure:6510: gcc -o conftest -g -O2   conftest.c   >&5
conftest.c:90: warning: conflicting types for built-in function 'dcgettext'
configure:6516: $? = 0
configure:6520: test -z 
			 || test ! -s conftest.err
configure:6523: $? = 0
configure:6526: test -s conftest
configure:6529: $? = 0
configure:6541: result: yes
configure:6555: checking for msgfmt
configure:6582: result: /usr/bin/msgfmt
configure:6591: checking for gmsgfmt
configure:6622: result: /usr/bin/msgfmt
configure:6632: checking for xgettext
configure:6659: result: /usr/bin/xgettext
configure:6835: checking for bison
configure:6864: result: no
configure:6922: checking for catalogs to be installed
configure:6942: result:  pt_BR ro nl it
configure:6973: checking for pthread_create in -lpthread
configure:7003: gcc -o conftest -g -O2   conftest.c -lpthread   >&5
configure:7009: $? = 0
configure:7013: test -z 
			 || test ! -s conftest.err
configure:7016: $? = 0
configure:7019: test -s conftest
configure:7022: $? = 0
configure:7035: result: yes
configure:7057: checking for gethostent
configure:7114: gcc -o conftest -g -O2   conftest.c  >&5
configure:7120: $? = 0
configure:7124: test -z 
			 || test ! -s conftest.err
configure:7127: $? = 0
configure:7130: test -s conftest
configure:7133: $? = 0
configure:7145: result: yes
configure:7224: checking for setsockopt
configure:7281: gcc -o conftest -g -O2   conftest.c  >&5
configure:7287: $? = 0
configure:7291: test -z 
			 || test ! -s conftest.err
configure:7294: $? = 0
configure:7297: test -s conftest
configure:7300: $? = 0
configure:7312: result: yes
configure:7394: checking for ANSI C header files
configure:7550: result: yes
configure:7560: checking whether time.h and sys/time.h may both be included
configure:7585: gcc -c -g -O2  conftest.c >&5
configure:7591: $? = 0
configure:7595: test -z 
			 || test ! -s conftest.err
configure:7598: $? = 0
configure:7601: test -s conftest.o
configure:7604: $? = 0
configure:7615: result: yes
configure:7644: checking stdio.h usability
configure:7656: gcc -c -g -O2  conftest.c >&5
configure:7662: $? = 0
configure:7666: test -z 
			 || test ! -s conftest.err
configure:7669: $? = 0
configure:7672: test -s conftest.o
configure:7675: $? = 0
configure:7685: result: yes
configure:7689: checking stdio.h presence
configure:7699: gcc -E  conftest.c
configure:7705: $? = 0
configure:7725: result: yes
configure:7760: checking for stdio.h
configure:7767: result: yes
configure:7635: checking for stdlib.h
configure:7640: result: yes
configure:7635: checking for unistd.h
configure:7640: result: yes
configure:7644: checking ctype.h usability
configure:7656: gcc -c -g -O2  conftest.c >&5
configure:7662: $? = 0
configure:7666: test -z 
			 || test ! -s conftest.err
configure:7669: $? = 0
configure:7672: test -s conftest.o
configure:7675: $? = 0
configure:7685: result: yes
configure:7689: checking ctype.h presence
configure:7699: gcc -E  conftest.c
configure:7705: $? = 0
configure:7725: result: yes
configure:7760: checking for ctype.h
configure:7767: result: yes
configure:7644: checking errno.h usability
configure:7656: gcc -c -g -O2  conftest.c >&5
configure:7662: $? = 0
configure:7666: test -z 
			 || test ! -s conftest.err
configure:7669: $? = 0
configure:7672: test -s conftest.o
configure:7675: $? = 0
configure:7685: result: yes
configure:7689: checking errno.h presence
configure:7699: gcc -E  conftest.c
configure:7705: $? = 0
configure:7725: result: yes
configure:7760: checking for errno.h
configure:7767: result: yes
configure:7635: checking for sys/types.h
configure:7640: result: yes
configure:7790: checking for sys/stat.h
configure:7795: result: yes
configure:7799: checking sys/socket.h usability
configure:7811: gcc -c -g -O2  conftest.c >&5
configure:7817: $? = 0
configure:7821: test -z 
			 || test ! -s conftest.err
configure:7824: $? = 0
configure:7827: test -s conftest.o
configure:7830: $? = 0
configure:7840: result: yes
configure:7844: checking sys/socket.h presence
configure:7854: gcc -E  conftest.c
configure:7860: $? = 0
configure:7880: result: yes
configure:7915: checking for sys/socket.h
configure:7922: result: yes
configure:7799: checking netinet/in.h usability
configure:7811: gcc -c -g -O2  conftest.c >&5
configure:7817: $? = 0
configure:7821: test -z 
			 || test ! -s conftest.err
configure:7824: $? = 0
configure:7827: test -s conftest.o
configure:7830: $? = 0
configure:7840: result: yes
configure:7844: checking netinet/in.h presence
configure:7854: gcc -E  conftest.c
configure:7860: $? = 0
configure:7880: result: yes
configure:7915: checking for netinet/in.h
configure:7922: result: yes
configure:7799: checking arpa/inet.h usability
configure:7811: gcc -c -g -O2  conftest.c >&5
configure:7817: $? = 0
configure:7821: test -z 
			 || test ! -s conftest.err
configure:7824: $? = 0
configure:7827: test -s conftest.o
configure:7830: $? = 0
configure:7840: result: yes
configure:7844: checking arpa/inet.h presence
configure:7854: gcc -E  conftest.c
configure:7860: $? = 0
configure:7880: result: yes
configure:7915: checking for arpa/inet.h
configure:7922: result: yes
configure:7799: checking netdb.h usability
configure:7811: gcc -c -g -O2  conftest.c >&5
configure:7817: $? = 0
configure:7821: test -z 
			 || test ! -s conftest.err
configure:7824: $? = 0
configure:7827: test -s conftest.o
configure:7830: $? = 0
configure:7840: result: yes
configure:7844: checking netdb.h presence
configure:7854: gcc -E  conftest.c
configure:7860: $? = 0
configure:7880: result: yes
configure:7915: checking for netdb.h
configure:7922: result: yes
configure:7799: checking pthread.h usability
configure:7811: gcc -c -g -O2  conftest.c >&5
configure:7817: $? = 0
configure:7821: test -z 
			 || test ! -s conftest.err
configure:7824: $? = 0
configure:7827: test -s conftest.o
configure:7830: $? = 0
configure:7840: result: yes
configure:7844: checking pthread.h presence
configure:7854: gcc -E  conftest.c
configure:7860: $? = 0
configure:7880: result: yes
configure:7915: checking for pthread.h
configure:7922: result: yes
configure:7945: checking for memory.h
configure:7950: result: yes
configure:7945: checking for string.h
configure:7950: result: yes
configure:7945: checking for strings.h
configure:7950: result: yes
configure:7954: checking time.h usability
configure:7966: gcc -c -g -O2  conftest.c >&5
configure:7972: $? = 0
configure:7976: test -z 
			 || test ! -s conftest.err
configure:7979: $? = 0
configure:7982: test -s conftest.o
configure:7985: $? = 0
configure:7995: result: yes
configure:7999: checking time.h presence
configure:8009: gcc -E  conftest.c
configure:8015: $? = 0
configure:8035: result: yes
configure:8070: checking for time.h
configure:8077: result: yes
configure:7954: checking sys/time.h usability
configure:7966: gcc -c -g -O2  conftest.c >&5
configure:7972: $? = 0
configure:7976: test -z 
			 || test ! -s conftest.err
configure:7979: $? = 0
configure:7982: test -s conftest.o
configure:7985: $? = 0
configure:7995: result: yes
configure:7999: checking sys/time.h presence
configure:8009: gcc -E  conftest.c
configure:8015: $? = 0
configure:8035: result: yes
configure:8070: checking for sys/time.h
configure:8077: result: yes
configure:7954: checking pwd.h usability
configure:7966: gcc -c -g -O2  conftest.c >&5
configure:7972: $? = 0
configure:7976: test -z 
			 || test ! -s conftest.err
configure:7979: $? = 0
configure:7982: test -s conftest.o
configure:7985: $? = 0
configure:7995: result: yes
configure:7999: checking pwd.h presence
configure:8009: gcc -E  conftest.c
configure:8015: $? = 0
configure:8035: result: yes
configure:8070: checking for pwd.h
configure:8077: result: yes
configure:8106: checking fcntl.h usability
configure:8118: gcc -c -g -O2  conftest.c >&5
configure:8124: $? = 0
configure:8128: test -z 
			 || test ! -s conftest.err
configure:8131: $? = 0
configure:8134: test -s conftest.o
configure:8137: $? = 0
configure:8147: result: yes
configure:8151: checking fcntl.h presence
configure:8161: gcc -E  conftest.c
configure:8167: $? = 0
configure:8187: result: yes
configure:8222: checking for fcntl.h
configure:8229: result: yes
configure:8106: checking assert.h usability
configure:8118: gcc -c -g -O2  conftest.c >&5
configure:8124: $? = 0
configure:8128: test -z 
			 || test ! -s conftest.err
configure:8131: $? = 0
configure:8134: test -s conftest.o
configure:8137: $? = 0
configure:8147: result: yes
configure:8151: checking assert.h presence
configure:8161: gcc -E  conftest.c
configure:8167: $? = 0
configure:8187: result: yes
configure:8222: checking for assert.h
configure:8229: result: yes
configure:8097: checking for limits.h
configure:8102: result: yes
configure:8245: checking for an ANSI C-conforming const
configure:8342: result: yes
configure:8352: checking for size_t
configure:8406: result: yes
configure:8418: checking for socklen_t
configure:8441: gcc -c -g -O2  conftest.c >&5
configure:8447: $? = 0
configure:8451: test -z 
			 || test ! -s conftest.err
configure:8454: $? = 0
configure:8457: test -s conftest.o
configure:8460: $? = 0
configure:8472: result: yes
configure:8488: checking for vprintf
configure:8545: gcc -o conftest -g -O2   conftest.c  >&5
conftest.c:114: warning: conflicting types for built-in function 'vprintf'
configure:8551: $? = 0
configure:8555: test -z 
			 || test ! -s conftest.err
configure:8558: $? = 0
configure:8561: test -s conftest
configure:8564: $? = 0
configure:8576: result: yes
configure:8583: checking for _doprnt
configure:8640: gcc -o conftest -g -O2   conftest.c  >&5
/tmp/ccK0VbKD.o: In function `main':
/home/toto/Downloads/prozilla-2.0.4/libprozilla/conftest.c:130: undefined reference to `_doprnt'
/tmp/ccK0VbKD.o:(.data+0x0): undefined reference to `_doprnt'
collect2: ld returned 1 exit status
configure:8646: $? = 1
configure: failed program was:
| /* confdefs.h.  */
| 
| #define PACKAGE_NAME "libprozilla"
| #define PACKAGE_TARNAME "libprozilla"
| #define PACKAGE_VERSION "1.0.x-cvs"
| #define PACKAGE_STRING "libprozilla 1.0.x-cvs"
| #define PACKAGE_BUGREPORT "prozilla@genesys.ro"
| #define PACKAGE ""
| #define VERSION ""
| #define _GNU_SOURCE 1
| #define STDC_HEADERS 1
| #define HAVE_SYS_TYPES_H 1
| #define HAVE_SYS_STAT_H 1
| #define HAVE_STDLIB_H 1
| #define HAVE_STRING_H 1
| #define HAVE_MEMORY_H 1
| #define HAVE_STRINGS_H 1
| #define HAVE_INTTYPES_H 1
| #define HAVE_STDINT_H 1
| #define HAVE_UNISTD_H 1
| #define HAVE_FUNC_GETHOSTBYNAME_R_6 1
| #define HAVE_ALLOCA_H 1
| #define HAVE_ALLOCA 1
| #define HAVE_STDLIB_H 1
| #define HAVE_UNISTD_H 1
| #define HAVE_GETPAGESIZE 1
| #define HAVE_MMAP 1
| #define HAVE_ARGZ_H 1
| #define HAVE_LIMITS_H 1
| #define HAVE_LOCALE_H 1
| #define HAVE_NL_TYPES_H 1
| #define HAVE_MALLOC_H 1
| #define HAVE_STDDEF_H 1
| #define HAVE_STDLIB_H 1
| #define HAVE_STRING_H 1
| #define HAVE_UNISTD_H 1
| #define HAVE_SYS_PARAM_H 1
| #define HAVE_FEOF_UNLOCKED 1
| #define HAVE_FGETS_UNLOCKED 1
| #define HAVE_GETCWD 1
| #define HAVE_GETEGID 1
| #define HAVE_GETEUID 1
| #define HAVE_GETGID 1
| #define HAVE_GETUID 1
| #define HAVE_MEMPCPY 1
| #define HAVE_MUNMAP 1
| #define HAVE_PUTENV 1
| #define HAVE_SETENV 1
| #define HAVE_SETLOCALE 1
| #define HAVE_STPCPY 1
| #define HAVE_STRCHR 1
| #define HAVE_STRCASECMP 1
| #define HAVE_STRDUP 1
| #define HAVE_STRTOUL 1
| #define HAVE_TSEARCH 1
| #define HAVE___ARGZ_COUNT 1
| #define HAVE___ARGZ_STRINGIFY 1
| #define HAVE___ARGZ_NEXT 1
| #define HAVE_ICONV 1
| #define ICONV_CONST 
| #define HAVE_LANGINFO_CODESET 1
| #define HAVE_LC_MESSAGES 1
| #define ENABLE_NLS 1
| #define HAVE_GETTEXT 1
| #define HAVE_DCGETTEXT 1
| #define STDC_HEADERS 1
| #define TIME_WITH_SYS_TIME 1
| #define HAVE_STDIO_H 1
| #define HAVE_STDLIB_H 1
| #define HAVE_UNISTD_H 1
| #define HAVE_CTYPE_H 1
| #define HAVE_ERRNO_H 1
| #define HAVE_SYS_TYPES_H 1
| #define HAVE_SYS_STAT_H 1
| #define HAVE_SYS_SOCKET_H 1
| #define HAVE_NETINET_IN_H 1
| #define HAVE_ARPA_INET_H 1
| #define HAVE_NETDB_H 1
| #define HAVE_PTHREAD_H 1
| #define HAVE_MEMORY_H 1
| #define HAVE_STRING_H 1
| #define HAVE_STRINGS_H 1
| #define HAVE_TIME_H 1
| #define HAVE_SYS_TIME_H 1
| #define HAVE_PWD_H 1
| #define HAVE_FCNTL_H 1
| #define HAVE_ASSERT_H 1
| #define HAVE_LIMITS_H 1
| #define HAVE_VPRINTF 1
| /* end confdefs.h.  */
| /* Define _doprnt to an innocuous variant, in case <limits.h> declares _doprnt.
|    For example, HP-UX 11i <limits.h> declares gettimeofday.  */
| #define _doprnt innocuous__doprnt
| 
| /* System header to define __stub macros and hopefully few prototypes,
|     which can conflict with char _doprnt (); below.
|     Prefer <limits.h> to <assert.h> if __STDC__ is defined, since
|     <limits.h> exists even on freestanding compilers.  */
| 
| #ifdef __STDC__
| # include <limits.h>
| #else
| # include <assert.h>
| #endif
| 
| #undef _doprnt
| 
| /* Override any gcc2 internal prototype to avoid an error.  */
| #ifdef __cplusplus
| extern "C"
| {
| #endif
| /* We use char because int might match the return type of a gcc2
|    builtin and then its argument prototype would still apply.  */
| char _doprnt ();
| /* The GNU C library defines this for functions which it implements
|     to always fail with ENOSYS.  Some functions are actually named
|     something starting with __ and the normal name is an alias.  */
| #if defined (__stub__doprnt) || defined (__stub____doprnt)
| choke me
| #else
| char (*f) () = _doprnt;
| #endif
| #ifdef __cplusplus
| }
| #endif
| 
| int
| main ()
| {
| return f != _doprnt;
|   ;
|   return 0;
| }
configure:8671: result: no
configure:8694: checking for select
configure:8751: gcc -o conftest -g -O2   conftest.c  >&5
configure:8757: $? = 0
configure:8761: test -z 
			 || test ! -s conftest.err
configure:8764: $? = 0
configure:8767: test -s conftest
configure:8770: $? = 0
configure:8782: result: yes
configure:8694: checking for socket
configure:8751: gcc -o conftest -g -O2   conftest.c  >&5
configure:8757: $? = 0
configure:8761: test -z 
			 || test ! -s conftest.err
configure:8764: $? = 0
configure:8767: test -s conftest
configure:8770: $? = 0
configure:8782: result: yes
configure:8694: checking for strdup
configure:8782: result: yes
configure:8694: checking for strerror
configure:8751: gcc -o conftest -g -O2   conftest.c  >&5
configure:8757: $? = 0
configure:8761: test -z 
			 || test ! -s conftest.err
configure:8764: $? = 0
configure:8767: test -s conftest
configure:8770: $? = 0
configure:8782: result: yes
configure:8694: checking for strtol
configure:8751: gcc -o conftest -g -O2   conftest.c  >&5
configure:8757: $? = 0
configure:8761: test -z 
			 || test ! -s conftest.err
configure:8764: $? = 0
configure:8767: test -s conftest
configure:8770: $? = 0
configure:8782: result: yes
configure:8694: checking for strncasecmp
configure:8751: gcc -o conftest -g -O2   conftest.c  >&5
conftest.c:120: warning: conflicting types for built-in function 'strncasecmp'
configure:8757: $? = 0
configure:8761: test -z 
			 || test ! -s conftest.err
configure:8764: $? = 0
configure:8767: test -s conftest
configure:8770: $? = 0
configure:8782: result: yes
configure:8801: checking for snprintf
configure:8858: gcc -o conftest -g -O2   conftest.c  >&5
conftest.c:121: warning: conflicting types for built-in function 'snprintf'
configure:8864: $? = 0
configure:8868: test -z 
			 || test ! -s conftest.err
configure:8871: $? = 0
configure:8874: test -s conftest
configure:8877: $? = 0
configure:8889: result: yes
configure:8801: checking for vsnprintf
configure:8858: gcc -o conftest -g -O2   conftest.c  >&5
conftest.c:122: warning: conflicting types for built-in function 'vsnprintf'
configure:8864: $? = 0
configure:8868: test -z 
			 || test ! -s conftest.err
configure:8871: $? = 0
configure:8874: test -s conftest
configure:8877: $? = 0
configure:8889: result: yes
configure:8801: checking for __snprintf
configure:8858: gcc -o conftest -g -O2   conftest.c  >&5
/tmp/ccDQflGj.o: In function `main':
/home/toto/Downloads/prozilla-2.0.4/libprozilla/conftest.c:138: undefined reference to `__snprintf'
/tmp/ccDQflGj.o:(.data+0x0): undefined reference to `__snprintf'
collect2: ld returned 1 exit status
configure:8864: $? = 1
configure: failed program was:
| /* confdefs.h.  */
| 
| #define PACKAGE_NAME "libprozilla"
| #define PACKAGE_TARNAME "libprozilla"
| #define PACKAGE_VERSION "1.0.x-cvs"
| #define PACKAGE_STRING "libprozilla 1.0.x-cvs"
| #define PACKAGE_BUGREPORT "prozilla@genesys.ro"
| #define PACKAGE ""
| #define VERSION ""
| #define _GNU_SOURCE 1
| #define STDC_HEADERS 1
| #define HAVE_SYS_TYPES_H 1
| #define HAVE_SYS_STAT_H 1
| #define HAVE_STDLIB_H 1
| #define HAVE_STRING_H 1
| #define HAVE_MEMORY_H 1
| #define HAVE_STRINGS_H 1
| #define HAVE_INTTYPES_H 1
| #define HAVE_STDINT_H 1
| #define HAVE_UNISTD_H 1
| #define HAVE_FUNC_GETHOSTBYNAME_R_6 1
| #define HAVE_ALLOCA_H 1
| #define HAVE_ALLOCA 1
| #define HAVE_STDLIB_H 1
| #define HAVE_UNISTD_H 1
| #define HAVE_GETPAGESIZE 1
| #define HAVE_MMAP 1
| #define HAVE_ARGZ_H 1
| #define HAVE_LIMITS_H 1
| #define HAVE_LOCALE_H 1
| #define HAVE_NL_TYPES_H 1
| #define HAVE_MALLOC_H 1
| #define HAVE_STDDEF_H 1
| #define HAVE_STDLIB_H 1
| #define HAVE_STRING_H 1
| #define HAVE_UNISTD_H 1
| #define HAVE_SYS_PARAM_H 1
| #define HAVE_FEOF_UNLOCKED 1
| #define HAVE_FGETS_UNLOCKED 1
| #define HAVE_GETCWD 1
| #define HAVE_GETEGID 1
| #define HAVE_GETEUID 1
| #define HAVE_GETGID 1
| #define HAVE_GETUID 1
| #define HAVE_MEMPCPY 1
| #define HAVE_MUNMAP 1
| #define HAVE_PUTENV 1
| #define HAVE_SETENV 1
| #define HAVE_SETLOCALE 1
| #define HAVE_STPCPY 1
| #define HAVE_STRCHR 1
| #define HAVE_STRCASECMP 1
| #define HAVE_STRDUP 1
| #define HAVE_STRTOUL 1
| #define HAVE_TSEARCH 1
| #define HAVE___ARGZ_COUNT 1
| #define HAVE___ARGZ_STRINGIFY 1
| #define HAVE___ARGZ_NEXT 1
| #define HAVE_ICONV 1
| #define ICONV_CONST 
| #define HAVE_LANGINFO_CODESET 1
| #define HAVE_LC_MESSAGES 1
| #define ENABLE_NLS 1
| #define HAVE_GETTEXT 1
| #define HAVE_DCGETTEXT 1
| #define STDC_HEADERS 1
| #define TIME_WITH_SYS_TIME 1
| #define HAVE_STDIO_H 1
| #define HAVE_STDLIB_H 1
| #define HAVE_UNISTD_H 1
| #define HAVE_CTYPE_H 1
| #define HAVE_ERRNO_H 1
| #define HAVE_SYS_TYPES_H 1
| #define HAVE_SYS_STAT_H 1
| #define HAVE_SYS_SOCKET_H 1
| #define HAVE_NETINET_IN_H 1
| #define HAVE_ARPA_INET_H 1
| #define HAVE_NETDB_H 1
| #define HAVE_PTHREAD_H 1
| #define HAVE_MEMORY_H 1
| #define HAVE_STRING_H 1
| #define HAVE_STRINGS_H 1
| #define HAVE_TIME_H 1
| #define HAVE_SYS_TIME_H 1
| #define HAVE_PWD_H 1
| #define HAVE_FCNTL_H 1
| #define HAVE_ASSERT_H 1
| #define HAVE_LIMITS_H 1
| #define HAVE_VPRINTF 1
| #define HAVE_SELECT 1
| #define HAVE_SOCKET 1
| #define HAVE_STRDUP 1
| #define HAVE_STRERROR 1
| #define HAVE_STRTOL 1
| #define HAVE_STRNCASECMP 1
| #define HAVE_SNPRINTF 1
| #define HAVE_VSNPRINTF 1
| /* end confdefs.h.  */
| /* Define __snprintf to an innocuous variant, in case <limits.h> declares __snprintf.
|    For example, HP-UX 11i <limits.h> declares gettimeofday.  */
| #define __snprintf innocuous___snprintf
| 
| /* System header to define __stub macros and hopefully few prototypes,
|     which can conflict with char __snprintf (); below.
|     Prefer <limits.h> to <assert.h> if __STDC__ is defined, since
|     <limits.h> exists even on freestanding compilers.  */
| 
| #ifdef __STDC__
| # include <limits.h>
| #else
| # include <assert.h>
| #endif
| 
| #undef __snprintf
| 
| /* Override any gcc2 internal prototype to avoid an error.  */
| #ifdef __cplusplus
| extern "C"
| {
| #endif
| /* We use char because int might match the return type of a gcc2
|    builtin and then its argument prototype would still apply.  */
| char __snprintf ();
| /* The GNU C library defines this for functions which it implements
|     to always fail with ENOSYS.  Some functions are actually named
|     something starting with __ and the normal name is an alias.  */
| #if defined (__stub___snprintf) || defined (__stub_____snprintf)
| choke me
| #else
| char (*f) () = __snprintf;
| #endif
| #ifdef __cplusplus
| }
| #endif
| 
| int
| main ()
| {
| return f != __snprintf;
|   ;
|   return 0;
| }
configure:8889: result: no
configure:8801: checking for __vsnprintf
configure:8858: gcc -o conftest -g -O2   conftest.c  >&5
configure:8864: $? = 0
configure:8868: test -z 
			 || test ! -s conftest.err
configure:8871: $? = 0
configure:8874: test -s conftest
configure:8877: $? = 0
configure:8889: result: yes
configure:8801: checking for strchr
configure:8889: result: yes
configure:8801: checking for strrchr
configure:8858: gcc -o conftest -g -O2   conftest.c  >&5
conftest.c:125: warning: conflicting types for built-in function 'strrchr'
configure:8864: $? = 0
configure:8868: test -z 
			 || test ! -s conftest.err
configure:8871: $? = 0
configure:8874: test -s conftest
configure:8877: $? = 0
configure:8889: result: yes
configure:8900: checking for which type of gethostbyname_r
configure:9172: result: six
configure:9207: checking for bindtextdomain
configure:9264: gcc -o conftest -g -O2   conftest.c  >&5
configure:9270: $? = 0
configure:9274: test -z 
			 || test ! -s conftest.err
configure:9277: $? = 0
configure:9280: test -s conftest
configure:9283: $? = 0
configure:9295: result: yes
configure:9391: checking for xgettext
configure:9421: result: /usr/bin/xgettext
configure:9430: checking for msgmerge
configure:9448: found /usr/bin/msgmerge
configure:9460: result: /usr/bin/msgmerge
configure:9469: checking for msgfmt
configure:9499: result: /usr/bin/msgfmt
configure:9548: checking for special C compiler options needed for large files
configure:9647: result: no
configure:9653: checking for _FILE_OFFSET_BITS value needed for large files
configure:9684: gcc -c -Wall -O0 -D_REENTRANT  conftest.c >&5
configure:9690: $? = 0
configure:9694: test -z 
			 || test ! -s conftest.err
configure:9697: $? = 0
configure:9700: test -s conftest.o
configure:9703: $? = 0
configure:9768: result: no
configure:9778: checking for _LARGE_FILES value needed for large files
configure:9809: gcc -c -Wall -O0 -D_REENTRANT  conftest.c >&5
configure:9815: $? = 0
configure:9819: test -z 
			 || test ! -s conftest.err
configure:9822: $? = 0
configure:9825: test -s conftest.o
configure:9828: $? = 0
configure:9893: result: no
configure:9906: checking for off_t
configure:9960: result: yes
configure:9963: checking size of off_t
configure:10282: gcc -o conftest -Wall -O0 -D_REENTRANT   conftest.c  >&5
configure:10285: $? = 0
configure:10287: ./conftest
configure:10290: $? = 0
configure:10313: result: 8
configure:10417: creating ./config.status

## ---------------------- ##
## Running config.status. ##
## ---------------------- ##

This file was extended by libprozilla config.status 1.0.x-cvs, which was
generated by GNU Autoconf 2.59.  Invocation command line was

  CONFIG_FILES    = 
  CONFIG_HEADERS  = 
  CONFIG_LINKS    = 
  CONFIG_COMMANDS = 
  $ ./config.status 

on asus

config.status:711: creating Makefile
config.status:711: creating docs/Makefile
config.status:711: creating src/Makefile
config.status:711: creating intl/Makefile
config.status:711: creating po/Makefile.in
config.status:815: creating config.h
config.status:1281: executing default-1 commands
config.status:1281: executing default-2 commands

## ---------------- ##
## Cache variables. ##
## ---------------- ##

ac_cv_build=x86_64-unknown-linux-gnu
ac_cv_build_alias=x86_64-unknown-linux-gnu
ac_cv_c_compiler_gnu=yes
ac_cv_c_const=yes
ac_cv_c_inline=inline
ac_cv_env_CC_set=
ac_cv_env_CC_value=
ac_cv_env_CFLAGS_set=
ac_cv_env_CFLAGS_value=
ac_cv_env_CPPFLAGS_set=
ac_cv_env_CPPFLAGS_value=
ac_cv_env_CPP_set=
ac_cv_env_CPP_value=
ac_cv_env_LDFLAGS_set=
ac_cv_env_LDFLAGS_value=
ac_cv_env_build_alias_set=
ac_cv_env_build_alias_value=
ac_cv_env_host_alias_set=
ac_cv_env_host_alias_value=
ac_cv_env_target_alias_set=
ac_cv_env_target_alias_value=
ac_cv_exeext=
ac_cv_func___argz_count=yes
ac_cv_func___argz_next=yes
ac_cv_func___argz_stringify=yes
ac_cv_func___snprintf=no
ac_cv_func___vsnprintf=yes
ac_cv_func__doprnt=no
ac_cv_func_alloca_works=yes
ac_cv_func_bindtextdomain=yes
ac_cv_func_dcgettext=yes
ac_cv_func_feof_unlocked=yes
ac_cv_func_fgets_unlocked=yes
ac_cv_func_getcwd=yes
ac_cv_func_getegid=yes
ac_cv_func_geteuid=yes
ac_cv_func_getgid=yes
ac_cv_func_gethostbyname_r=yes
ac_cv_func_gethostent=yes
ac_cv_func_getpagesize=yes
ac_cv_func_getuid=yes
ac_cv_func_mempcpy=yes
ac_cv_func_mmap_fixed_mapped=yes
ac_cv_func_munmap=yes
ac_cv_func_putenv=yes
ac_cv_func_select=yes
ac_cv_func_setenv=yes
ac_cv_func_setlocale=yes
ac_cv_func_setsockopt=yes
ac_cv_func_snprintf=yes
ac_cv_func_socket=yes
ac_cv_func_stpcpy=yes
ac_cv_func_strcasecmp=yes
ac_cv_func_strchr=yes
ac_cv_func_strdup=yes
ac_cv_func_strerror=yes
ac_cv_func_strncasecmp=yes
ac_cv_func_strrchr=yes
ac_cv_func_strtol=yes
ac_cv_func_strtoul=yes
ac_cv_func_tsearch=yes
ac_cv_func_vprintf=yes
ac_cv_func_vsnprintf=yes
ac_cv_func_which_gethostname_r=six
ac_cv_gnu_library_2_1=yes
ac_cv_header_argz_h=yes
ac_cv_header_arpa_inet_h=yes
ac_cv_header_assert_h=yes
ac_cv_header_ctype_h=yes
ac_cv_header_errno_h=yes
ac_cv_header_fcntl_h=yes
ac_cv_header_inttypes_h=yes
ac_cv_header_libintl_h=yes
ac_cv_header_limits_h=yes
ac_cv_header_locale_h=yes
ac_cv_header_malloc_h=yes
ac_cv_header_memory_h=yes
ac_cv_header_minix_config_h=no
ac_cv_header_netdb_h=yes
ac_cv_header_netinet_in_h=yes
ac_cv_header_nl_types_h=yes
ac_cv_header_pthread_h=yes
ac_cv_header_pwd_h=yes
ac_cv_header_stdc=yes
ac_cv_header_stddef_h=yes
ac_cv_header_stdint_h=yes
ac_cv_header_stdio_h=yes
ac_cv_header_stdlib_h=yes
ac_cv_header_string_h=yes
ac_cv_header_strings_h=yes
ac_cv_header_sys_param_h=yes
ac_cv_header_sys_socket_h=yes
ac_cv_header_sys_stat_h=yes
ac_cv_header_sys_time_h=yes
ac_cv_header_sys_types_h=yes
ac_cv_header_time=yes
ac_cv_header_time_h=yes
ac_cv_header_unistd_h=yes
ac_cv_host=x86_64-unknown-linux-gnu
ac_cv_host_alias=x86_64-unknown-linux-gnu
ac_cv_lib_cposix_strerror=no
ac_cv_lib_pthread_pthread_create=yes
ac_cv_objext=o
ac_cv_path_GMSGFMT=/usr/bin/msgfmt
ac_cv_path_LD=/usr/bin/ld
ac_cv_path_MSGFMT=/usr/bin/msgfmt
ac_cv_path_MSGMERGE=/usr/bin/msgmerge
ac_cv_path_NM='/usr/bin/nm -B'
ac_cv_path_XGETTEXT=/usr/bin/xgettext
ac_cv_path_install='/usr/bin/install -c'
ac_cv_prog_CPP='gcc -E'
ac_cv_prog_ac_ct_CC=gcc
ac_cv_prog_ac_ct_RANLIB=ranlib
ac_cv_prog_cc_g=yes
ac_cv_prog_cc_stdc=
ac_cv_prog_egrep='grep -E'
ac_cv_prog_gnu_ld=yes
ac_cv_prog_make_make_set=yes
ac_cv_sizeof_off_t=8
ac_cv_sys_file_offset_bits=no
ac_cv_sys_large_files=no
ac_cv_sys_largefile_CC=no
ac_cv_type_off_t=yes
ac_cv_type_size_t=yes
ac_cv_type_socklen_t=yes
ac_cv_working_alloca_h=yes
am_cv_func_iconv=yes
am_cv_langinfo_codeset=yes
am_cv_lib_iconv=no
am_cv_prog_cc_stdc=
am_cv_proto_iconv='extern size_t iconv (iconv_t cd, char * *inbuf, size_t *inbytesleft, char * *outbuf, size_t *outbytesleft);'
am_cv_proto_iconv_arg1=
am_cv_val_LC_MESSAGES=yes
gt_cv_func_gnugettext1_libc=yes
nls_cv_force_use_gnu_gettext=no
nls_cv_header_intl=
nls_cv_header_libgt=
nls_cv_use_gnu_gettext=no

## ----------------- ##
## Output variables. ##
## ----------------- ##

ACLOCAL='/home/toto/Downloads/prozilla-2.0.4/libprozilla/missing aclocal-1.4'
ALLOCA=''
AUTOCONF='autoconf'
AUTOHEADER='autoheader'
AUTOMAKE='/home/toto/Downloads/prozilla-2.0.4/libprozilla/missing automake-1.4'
BUILD_INCLUDED_LIBINTL='no'
CATALOGS=' pt_BR.gmo ro.gmo nl.gmo it.gmo'
CATOBJEXT='.gmo'
CC='gcc'
CFLAGS='-Wall -O0 -D_REENTRANT'
CPP='gcc -E'
CPPFLAGS=''
DATADIRNAME='share'
DEFS='-DHAVE_CONFIG_H'
ECHO_C=''
ECHO_N='-n'
ECHO_T=''
EGREP='grep -E'
EXEEXT=''
GENCAT='gencat'
GLIBC21='yes'
GMOFILES=' pt_BR.gmo ro.gmo nl.gmo it.gmo'
GMSGFMT='/usr/bin/msgfmt'
INSTALL_DATA='${INSTALL} -m 644'
INSTALL_PROGRAM='${INSTALL}'
INSTALL_SCRIPT='${INSTALL}'
INSTOBJEXT='.mo'
INTLBISON=':'
INTLLIBS=''
INTLOBJS=''
INTL_LIBTOOL_SUFFIX_PREFIX=''
LDFLAGS=''
LIBICONV=''
LIBOBJS=''
LIBS=''
LIBTOOL='$(SHELL) $(top_builddir)/libtool'
LN_S='ln -s'
LTLIBOBJS=''
MAKEINFO='/home/toto/Downloads/prozilla-2.0.4/libprozilla/missing makeinfo'
MKINSTALLDIRS='./mkinstalldirs'
MSGFMT='/usr/bin/msgfmt'
MSGMERGE='/usr/bin/msgmerge'
OBJEXT='o'
PACKAGE=''
PACKAGE_BUGREPORT='prozilla@genesys.ro'
PACKAGE_NAME='libprozilla'
PACKAGE_STRING='libprozilla 1.0.x-cvs'
PACKAGE_TARNAME='libprozilla'
PACKAGE_VERSION='1.0.x-cvs'
PATH_SEPARATOR=':'
POFILES=' pt_BR.po ro.po nl.po it.po'
POSUB='po'
RANLIB='ranlib'
SET_MAKE=''
SHELL='/bin/sh'
THREAD_LIBS='-lpthread'
USE_INCLUDED_LIBINTL='no'
USE_NLS='yes'
VERSION=''
XGETTEXT='/usr/bin/xgettext'
ac_ct_CC='gcc'
ac_ct_RANLIB='ranlib'
bindir='${exec_prefix}/bin'
build='x86_64-unknown-linux-gnu'
build_alias=''
build_cpu='x86_64'
build_os='linux-gnu'
build_vendor='unknown'
datadir='${prefix}/share'
exec_prefix='${prefix}'
host='x86_64-unknown-linux-gnu'
host_alias=''
host_cpu='x86_64'
host_os='linux-gnu'
host_vendor='unknown'
includedir='${prefix}/include'
infodir='${prefix}/info'
libdir='${exec_prefix}/lib'
libexecdir='${exec_prefix}/libexec'
localstatedir='${prefix}/var'
mandir='${prefix}/man'
oldincludedir='/usr/include'
prefix='/usr/local'
program_transform_name='s,x,x,'
sbindir='${exec_prefix}/sbin'
sharedstatedir='${prefix}/com'
sysconfdir='${prefix}/etc'
target_alias=''

## ----------- ##
## confdefs.h. ##
## ----------- ##

#define ENABLE_NLS 1
#define HAVE_ALLOCA 1
#define HAVE_ALLOCA_H 1
#define HAVE_ARGZ_H 1
#define HAVE_ARPA_INET_H 1
#define HAVE_ASSERT_H 1
#define HAVE_CTYPE_H 1
#define HAVE_DCGETTEXT 1
#define HAVE_ERRNO_H 1
#define HAVE_FCNTL_H 1
#define HAVE_FEOF_UNLOCKED 1
#define HAVE_FGETS_UNLOCKED 1
#define HAVE_FUNC_GETHOSTBYNAME_R_6 1
#define HAVE_FUNC_GETHOSTBYNAME_R_6 1
#define HAVE_GETCWD 1
#define HAVE_GETEGID 1
#define HAVE_GETEUID 1
#define HAVE_GETGID 1
#define HAVE_GETPAGESIZE 1
#define HAVE_GETTEXT 1
#define HAVE_GETUID 1
#define HAVE_ICONV 1
#define HAVE_INTTYPES_H 1
#define HAVE_LANGINFO_CODESET 1
#define HAVE_LC_MESSAGES 1
#define HAVE_LIMITS_H 1
#define HAVE_LIMITS_H 1
#define HAVE_LOCALE_H 1
#define HAVE_MALLOC_H 1
#define HAVE_MEMORY_H 1
#define HAVE_MEMORY_H 1
#define HAVE_MEMPCPY 1
#define HAVE_MMAP 1
#define HAVE_MUNMAP 1
#define HAVE_NETDB_H 1
#define HAVE_NETINET_IN_H 1
#define HAVE_NL_TYPES_H 1
#define HAVE_PTHREAD_H 1
#define HAVE_PUTENV 1
#define HAVE_PWD_H 1
#define HAVE_SELECT 1
#define HAVE_SETENV 1
#define HAVE_SETLOCALE 1
#define HAVE_SNPRINTF 1
#define HAVE_SOCKET 1
#define HAVE_STDDEF_H 1
#define HAVE_STDINT_H 1
#define HAVE_STDIO_H 1
#define HAVE_STDLIB_H 1
#define HAVE_STDLIB_H 1
#define HAVE_STDLIB_H 1
#define HAVE_STDLIB_H 1
#define HAVE_STPCPY 1
#define HAVE_STRCASECMP 1
#define HAVE_STRCHR 1
#define HAVE_STRCHR 1
#define HAVE_STRDUP 1
#define HAVE_STRDUP 1
#define HAVE_STRERROR 1
#define HAVE_STRINGS_H 1
#define HAVE_STRINGS_H 1
#define HAVE_STRING_H 1
#define HAVE_STRING_H 1
#define HAVE_STRING_H 1
#define HAVE_STRNCASECMP 1
#define HAVE_STRRCHR 1
#define HAVE_STRTOL 1
#define HAVE_STRTOUL 1
#define HAVE_SYS_PARAM_H 1
#define HAVE_SYS_SOCKET_H 1
#define HAVE_SYS_STAT_H 1
#define HAVE_SYS_STAT_H 1
#define HAVE_SYS_TIME_H 1
#define HAVE_SYS_TYPES_H 1
#define HAVE_SYS_TYPES_H 1
#define HAVE_TIME_H 1
#define HAVE_TSEARCH 1
#define HAVE_UNISTD_H 1
#define HAVE_UNISTD_H 1
#define HAVE_UNISTD_H 1
#define HAVE_UNISTD_H 1
#define HAVE_VPRINTF 1
#define HAVE_VSNPRINTF 1
#define HAVE___ARGZ_COUNT 1
#define HAVE___ARGZ_NEXT 1
#define HAVE___ARGZ_STRINGIFY 1
#define HAVE___VSNPRINTF 1
#define ICONV_CONST 
#define PACKAGE ""
#define PACKAGE_BUGREPORT "prozilla@genesys.ro"
#define PACKAGE_NAME "libprozilla"
#define PACKAGE_STRING "libprozilla 1.0.x-cvs"
#define PACKAGE_TARNAME "libprozilla"
#define PACKAGE_VERSION "1.0.x-cvs"
#define SIZEOF_OFF_T 8
#define STDC_HEADERS 1
#define STDC_HEADERS 1
#define TIME_WITH_SYS_TIME 1
#define VERSION ""
#define _GNU_SOURCE 1

configure: exit 0
